<?xml version="1.0" encoding="UTF-8" ?>
<testsuite failures="0" time="7.25" errors="8" skipped="0" tests="9" name="com.accoord.domain.UserRoleIntegrationTest">
  <properties>
    <property name="java.runtime.name" value="Java(TM) SE Runtime Environment"/>
    <property name="sun.boot.library.path" value="C:\Program Files\Java\jdk1.6.0_23\jre\bin"/>
    <property name="java.vm.version" value="19.0-b09"/>
    <property name="java.vm.vendor" value="Sun Microsystems Inc."/>
    <property name="java.vendor.url" value="http://java.sun.com/"/>
    <property name="path.separator" value=";"/>
    <property name="java.vm.name" value="Java HotSpot(TM) Client VM"/>
    <property name="file.encoding.pkg" value="sun.io"/>
    <property name="user.country" value="US"/>
    <property name="sun.java.launcher" value="SUN_STANDARD"/>
    <property name="sun.os.patch.level" value="Service Pack 3"/>
    <property name="java.vm.specification.name" value="Java Virtual Machine Specification"/>
    <property name="user.dir" value="D:\Finan Files\Eclipse\subin\version2\accoord"/>
    <property name="java.runtime.version" value="1.6.0_23-b05"/>
    <property name="java.awt.graphicsenv" value="sun.awt.Win32GraphicsEnvironment"/>
    <property name="basedir" value="D:\Finan Files\Eclipse\subin\version2\accoord"/>
    <property name="java.endorsed.dirs" value="C:\Program Files\Java\jdk1.6.0_23\jre\lib\endorsed"/>
    <property name="os.arch" value="x86"/>
    <property name="surefire.real.class.path" value="D:\Finan Files\Eclipse\subin\version2\accoord\target\surefire\surefirebooter5367103420643830933.jar"/>
    <property name="java.io.tmpdir" value="C:\DOCUME~1\DANIEL~1.FIN\LOCALS~1\Temp\"/>
    <property name="line.separator" value="
"/>
    <property name="java.vm.specification.vendor" value="Sun Microsystems Inc."/>
    <property name="user.variant" value=""/>
    <property name="os.name" value="Windows XP"/>
    <property name="sun.jnu.encoding" value="Cp1252"/>
    <property name="java.library.path" value="C:\Program Files\Java\jdk1.6.0_23\jre\bin;.;C:\WINDOWS\Sun\Java\bin;C:\WINDOWS\system32;C:\WINDOWS;D:\springsource\maven-2.2.1.RELEASE\bin;D:\springsource\roo-1.1.1.RELEASE\bin;C:\Program Files\Java\jdk1.6.0_23\bin;C:\WINDOWS\system32;C:\WINDOWS;C:\WINDOWS\System32\Wbem;C:\Program Files\Common Files\Lenovo;C:\Program Files\ATI Technologies\ATI.ACE\Core-Static;C:\Program Files\Intel\WiFi\bin\;C:\WINDOWS\system32\WindowsPowerShell\v1.0;;C:\Program Files\QuickTime\QTSystem\;C:\Program Files\Subversion\bin;C:\Program Files\TortoiseSVN\bin"/>
    <property name="surefire.test.class.path" value="D:\Finan Files\Eclipse\subin\version2\accoord\target\test-classes;D:\Finan Files\Eclipse\subin\version2\accoord\target\classes;C:\Documents and Settings\daniel.finan\.m2\repository\junit\junit\4.8.2\junit-4.8.2.jar;C:\Documents and Settings\daniel.finan\.m2\repository\log4j\log4j\1.2.16\log4j-1.2.16.jar;C:\Documents and Settings\daniel.finan\.m2\repository\org\slf4j\slf4j-api\1.6.1\slf4j-api-1.6.1.jar;C:\Documents and Settings\daniel.finan\.m2\repository\org\slf4j\jcl-over-slf4j\1.6.1\jcl-over-slf4j-1.6.1.jar;C:\Documents and Settings\daniel.finan\.m2\repository\org\slf4j\slf4j-log4j12\1.6.1\slf4j-log4j12-1.6.1.jar;C:\Documents and Settings\daniel.finan\.m2\repository\org\aspectj\aspectjrt\1.6.11.M2\aspectjrt-1.6.11.M2.jar;C:\Documents and Settings\daniel.finan\.m2\repository\org\aspectj\aspectjweaver\1.6.11.M2\aspectjweaver-1.6.11.M2.jar;C:\Documents and Settings\daniel.finan\.m2\repository\javax\mail\mail\1.4.1\mail-1.4.1.jar;C:\Documents and Settings\daniel.finan\.m2\repository\javax\activation\activation\1.1\activation-1.1.jar;C:\Documents and Settings\daniel.finan\.m2\repository\javax\servlet\servlet-api\2.5\servlet-api-2.5.jar;C:\Documents and Settings\daniel.finan\.m2\repository\net\sf\flexjson\flexjson\2.1\flexjson-2.1.jar;C:\Documents and Settings\daniel.finan\.m2\repository\org\springframework\roo\org.springframework.roo.annotations\1.1.2.RELEASE\org.springframework.roo.annotations-1.1.2.RELEASE.jar;C:\Documents and Settings\daniel.finan\.m2\repository\org\springframework\spring-core\3.0.5.RELEASE\spring-core-3.0.5.RELEASE.jar;C:\Documents and Settings\daniel.finan\.m2\repository\org\springframework\spring-asm\3.0.5.RELEASE\spring-asm-3.0.5.RELEASE.jar;C:\Documents and Settings\daniel.finan\.m2\repository\org\springframework\spring-test\3.0.5.RELEASE\spring-test-3.0.5.RELEASE.jar;C:\Documents and Settings\daniel.finan\.m2\repository\org\springframework\spring-context\3.0.5.RELEASE\spring-context-3.0.5.RELEASE.jar;C:\Documents and Settings\daniel.finan\.m2\repository\org\springframework\spring-aop\3.0.5.RELEASE\spring-aop-3.0.5.RELEASE.jar;C:\Documents and Settings\daniel.finan\.m2\repository\aopalliance\aopalliance\1.0\aopalliance-1.0.jar;C:\Documents and Settings\daniel.finan\.m2\repository\org\springframework\spring-beans\3.0.5.RELEASE\spring-beans-3.0.5.RELEASE.jar;C:\Documents and Settings\daniel.finan\.m2\repository\org\springframework\spring-expression\3.0.5.RELEASE\spring-expression-3.0.5.RELEASE.jar;C:\Documents and Settings\daniel.finan\.m2\repository\org\springframework\spring-aspects\3.0.5.RELEASE\spring-aspects-3.0.5.RELEASE.jar;C:\Documents and Settings\daniel.finan\.m2\repository\org\springframework\spring-context-support\3.0.5.RELEASE\spring-context-support-3.0.5.RELEASE.jar;C:\Documents and Settings\daniel.finan\.m2\repository\org\springframework\spring-tx\3.0.5.RELEASE\spring-tx-3.0.5.RELEASE.jar;C:\Documents and Settings\daniel.finan\.m2\repository\mysql\mysql-connector-java\5.1.13\mysql-connector-java-5.1.13.jar;C:\Documents and Settings\daniel.finan\.m2\repository\org\hibernate\hibernate-core\3.6.1.Final\hibernate-core-3.6.1.Final.jar;C:\Documents and Settings\daniel.finan\.m2\repository\antlr\antlr\2.7.6\antlr-2.7.6.jar;C:\Documents and Settings\daniel.finan\.m2\repository\commons-collections\commons-collections\3.1\commons-collections-3.1.jar;C:\Documents and Settings\daniel.finan\.m2\repository\dom4j\dom4j\1.6.1\dom4j-1.6.1.jar;C:\Documents and Settings\daniel.finan\.m2\repository\org\hibernate\hibernate-commons-annotations\3.2.0.Final\hibernate-commons-annotations-3.2.0.Final.jar;C:\Documents and Settings\daniel.finan\.m2\repository\org\hibernate\javax\persistence\hibernate-jpa-2.0-api\1.0.0.Final\hibernate-jpa-2.0-api-1.0.0.Final.jar;C:\Documents and Settings\daniel.finan\.m2\repository\javax\transaction\jta\1.1\jta-1.1.jar;C:\Documents and Settings\daniel.finan\.m2\repository\org\hibernate\hibernate-entitymanager\3.6.1.Final\hibernate-entitymanager-3.6.1.Final.jar;C:\Documents and Settings\daniel.finan\.m2\repository\javassist\javassist\3.12.0.GA\javassist-3.12.0.GA.jar;C:\Documents and Settings\daniel.finan\.m2\repository\org\hibernate\hibernate-validator\4.1.0.Final\hibernate-validator-4.1.0.Final.jar;C:\Documents and Settings\daniel.finan\.m2\repository\javax\validation\validation-api\1.0.0.GA\validation-api-1.0.0.GA.jar;C:\Documents and Settings\daniel.finan\.m2\repository\cglib\cglib-nodep\2.2\cglib-nodep-2.2.jar;C:\Documents and Settings\daniel.finan\.m2\repository\org\springframework\spring-jdbc\3.0.5.RELEASE\spring-jdbc-3.0.5.RELEASE.jar;C:\Documents and Settings\daniel.finan\.m2\repository\org\springframework\spring-orm\3.0.5.RELEASE\spring-orm-3.0.5.RELEASE.jar;C:\Documents and Settings\daniel.finan\.m2\repository\commons-pool\commons-pool\1.5.4\commons-pool-1.5.4.jar;C:\Documents and Settings\daniel.finan\.m2\repository\commons-dbcp\commons-dbcp\1.3\commons-dbcp-1.3.jar;C:\Documents and Settings\daniel.finan\.m2\repository\org\apache\tiles\tiles-core\2.2.1\tiles-core-2.2.1.jar;C:\Documents and Settings\daniel.finan\.m2\repository\org\apache\tiles\tiles-api\2.2.1\tiles-api-2.2.1.jar;C:\Documents and Settings\daniel.finan\.m2\repository\commons-digester\commons-digester\2.0\commons-digester-2.0.jar;C:\Documents and Settings\daniel.finan\.m2\repository\commons-beanutils\commons-beanutils\1.8.0\commons-beanutils-1.8.0.jar;C:\Documents and Settings\daniel.finan\.m2\repository\org\apache\commons\commons-io\1.3.2\commons-io-1.3.2.jar;C:\Documents and Settings\daniel.finan\.m2\repository\org\apache\tiles\tiles-jsp\2.2.1\tiles-jsp-2.2.1.jar;C:\Documents and Settings\daniel.finan\.m2\repository\org\apache\tiles\tiles-servlet\2.2.1\tiles-servlet-2.2.1.jar;C:\Documents and Settings\daniel.finan\.m2\repository\org\apache\tiles\tiles-template\2.2.1\tiles-template-2.2.1.jar;C:\Documents and Settings\daniel.finan\.m2\repository\org\springframework\spring-web\3.0.5.RELEASE\spring-web-3.0.5.RELEASE.jar;C:\Documents and Settings\daniel.finan\.m2\repository\org\springframework\spring-webmvc\3.0.5.RELEASE\spring-webmvc-3.0.5.RELEASE.jar;C:\Documents and Settings\daniel.finan\.m2\repository\commons-fileupload\commons-fileupload\1.2.1\commons-fileupload-1.2.1.jar;C:\Documents and Settings\daniel.finan\.m2\repository\javax\servlet\jstl\1.2\jstl-1.2.jar;C:\Documents and Settings\daniel.finan\.m2\repository\javax\el\el-api\1.0\el-api-1.0.jar;C:\Documents and Settings\daniel.finan\.m2\repository\joda-time\joda-time\1.6\joda-time-1.6.jar;C:\Documents and Settings\daniel.finan\.m2\repository\javax\servlet\jsp\jsp-api\2.1\jsp-api-2.1.jar;C:\Documents and Settings\daniel.finan\.m2\repository\org\springframework\security\spring-security-core\3.0.5.RELEASE\spring-security-core-3.0.5.RELEASE.jar;C:\Documents and Settings\daniel.finan\.m2\repository\org\springframework\security\spring-security-config\3.0.5.RELEASE\spring-security-config-3.0.5.RELEASE.jar;C:\Documents and Settings\daniel.finan\.m2\repository\org\springframework\security\spring-security-web\3.0.5.RELEASE\spring-security-web-3.0.5.RELEASE.jar;C:\Documents and Settings\daniel.finan\.m2\repository\org\springframework\security\spring-security-taglibs\3.0.5.RELEASE\spring-security-taglibs-3.0.5.RELEASE.jar;C:\Documents and Settings\daniel.finan\.m2\repository\org\springframework\security\spring-security-acl\3.0.5.RELEASE\spring-security-acl-3.0.5.RELEASE.jar;C:\Documents and Settings\daniel.finan\.m2\repository\org\springframework\webflow\spring-js-resources\2.2.0.RELEASE\spring-js-resources-2.2.0.RELEASE.jar;C:\Documents and Settings\daniel.finan\.m2\repository\org\cloudfoundry\cloudfoundry-runtime\0.6.0\cloudfoundry-runtime-0.6.0.jar;"/>
    <property name="java.specification.name" value="Java Platform API Specification"/>
    <property name="java.class.version" value="50.0"/>
    <property name="sun.management.compiler" value="HotSpot Client Compiler"/>
    <property name="os.version" value="5.1"/>
    <property name="user.home" value="C:\Documents and Settings\daniel.finan"/>
    <property name="user.timezone" value="America/Bogota"/>
    <property name="java.awt.printerjob" value="sun.awt.windows.WPrinterJob"/>
    <property name="java.specification.version" value="1.6"/>
    <property name="file.encoding" value="Cp1252"/>
    <property name="user.name" value="daniel.finan"/>
    <property name="java.class.path" value="D:\Finan Files\Eclipse\subin\version2\accoord\target\test-classes;D:\Finan Files\Eclipse\subin\version2\accoord\target\classes;C:\Documents and Settings\daniel.finan\.m2\repository\junit\junit\4.8.2\junit-4.8.2.jar;C:\Documents and Settings\daniel.finan\.m2\repository\log4j\log4j\1.2.16\log4j-1.2.16.jar;C:\Documents and Settings\daniel.finan\.m2\repository\org\slf4j\slf4j-api\1.6.1\slf4j-api-1.6.1.jar;C:\Documents and Settings\daniel.finan\.m2\repository\org\slf4j\jcl-over-slf4j\1.6.1\jcl-over-slf4j-1.6.1.jar;C:\Documents and Settings\daniel.finan\.m2\repository\org\slf4j\slf4j-log4j12\1.6.1\slf4j-log4j12-1.6.1.jar;C:\Documents and Settings\daniel.finan\.m2\repository\org\aspectj\aspectjrt\1.6.11.M2\aspectjrt-1.6.11.M2.jar;C:\Documents and Settings\daniel.finan\.m2\repository\org\aspectj\aspectjweaver\1.6.11.M2\aspectjweaver-1.6.11.M2.jar;C:\Documents and Settings\daniel.finan\.m2\repository\javax\mail\mail\1.4.1\mail-1.4.1.jar;C:\Documents and Settings\daniel.finan\.m2\repository\javax\activation\activation\1.1\activation-1.1.jar;C:\Documents and Settings\daniel.finan\.m2\repository\javax\servlet\servlet-api\2.5\servlet-api-2.5.jar;C:\Documents and Settings\daniel.finan\.m2\repository\net\sf\flexjson\flexjson\2.1\flexjson-2.1.jar;C:\Documents and Settings\daniel.finan\.m2\repository\org\springframework\roo\org.springframework.roo.annotations\1.1.2.RELEASE\org.springframework.roo.annotations-1.1.2.RELEASE.jar;C:\Documents and Settings\daniel.finan\.m2\repository\org\springframework\spring-core\3.0.5.RELEASE\spring-core-3.0.5.RELEASE.jar;C:\Documents and Settings\daniel.finan\.m2\repository\org\springframework\spring-asm\3.0.5.RELEASE\spring-asm-3.0.5.RELEASE.jar;C:\Documents and Settings\daniel.finan\.m2\repository\org\springframework\spring-test\3.0.5.RELEASE\spring-test-3.0.5.RELEASE.jar;C:\Documents and Settings\daniel.finan\.m2\repository\org\springframework\spring-context\3.0.5.RELEASE\spring-context-3.0.5.RELEASE.jar;C:\Documents and Settings\daniel.finan\.m2\repository\org\springframework\spring-aop\3.0.5.RELEASE\spring-aop-3.0.5.RELEASE.jar;C:\Documents and Settings\daniel.finan\.m2\repository\aopalliance\aopalliance\1.0\aopalliance-1.0.jar;C:\Documents and Settings\daniel.finan\.m2\repository\org\springframework\spring-beans\3.0.5.RELEASE\spring-beans-3.0.5.RELEASE.jar;C:\Documents and Settings\daniel.finan\.m2\repository\org\springframework\spring-expression\3.0.5.RELEASE\spring-expression-3.0.5.RELEASE.jar;C:\Documents and Settings\daniel.finan\.m2\repository\org\springframework\spring-aspects\3.0.5.RELEASE\spring-aspects-3.0.5.RELEASE.jar;C:\Documents and Settings\daniel.finan\.m2\repository\org\springframework\spring-context-support\3.0.5.RELEASE\spring-context-support-3.0.5.RELEASE.jar;C:\Documents and Settings\daniel.finan\.m2\repository\org\springframework\spring-tx\3.0.5.RELEASE\spring-tx-3.0.5.RELEASE.jar;C:\Documents and Settings\daniel.finan\.m2\repository\mysql\mysql-connector-java\5.1.13\mysql-connector-java-5.1.13.jar;C:\Documents and Settings\daniel.finan\.m2\repository\org\hibernate\hibernate-core\3.6.1.Final\hibernate-core-3.6.1.Final.jar;C:\Documents and Settings\daniel.finan\.m2\repository\antlr\antlr\2.7.6\antlr-2.7.6.jar;C:\Documents and Settings\daniel.finan\.m2\repository\commons-collections\commons-collections\3.1\commons-collections-3.1.jar;C:\Documents and Settings\daniel.finan\.m2\repository\dom4j\dom4j\1.6.1\dom4j-1.6.1.jar;C:\Documents and Settings\daniel.finan\.m2\repository\org\hibernate\hibernate-commons-annotations\3.2.0.Final\hibernate-commons-annotations-3.2.0.Final.jar;C:\Documents and Settings\daniel.finan\.m2\repository\org\hibernate\javax\persistence\hibernate-jpa-2.0-api\1.0.0.Final\hibernate-jpa-2.0-api-1.0.0.Final.jar;C:\Documents and Settings\daniel.finan\.m2\repository\javax\transaction\jta\1.1\jta-1.1.jar;C:\Documents and Settings\daniel.finan\.m2\repository\org\hibernate\hibernate-entitymanager\3.6.1.Final\hibernate-entitymanager-3.6.1.Final.jar;C:\Documents and Settings\daniel.finan\.m2\repository\javassist\javassist\3.12.0.GA\javassist-3.12.0.GA.jar;C:\Documents and Settings\daniel.finan\.m2\repository\org\hibernate\hibernate-validator\4.1.0.Final\hibernate-validator-4.1.0.Final.jar;C:\Documents and Settings\daniel.finan\.m2\repository\javax\validation\validation-api\1.0.0.GA\validation-api-1.0.0.GA.jar;C:\Documents and Settings\daniel.finan\.m2\repository\cglib\cglib-nodep\2.2\cglib-nodep-2.2.jar;C:\Documents and Settings\daniel.finan\.m2\repository\org\springframework\spring-jdbc\3.0.5.RELEASE\spring-jdbc-3.0.5.RELEASE.jar;C:\Documents and Settings\daniel.finan\.m2\repository\org\springframework\spring-orm\3.0.5.RELEASE\spring-orm-3.0.5.RELEASE.jar;C:\Documents and Settings\daniel.finan\.m2\repository\commons-pool\commons-pool\1.5.4\commons-pool-1.5.4.jar;C:\Documents and Settings\daniel.finan\.m2\repository\commons-dbcp\commons-dbcp\1.3\commons-dbcp-1.3.jar;C:\Documents and Settings\daniel.finan\.m2\repository\org\apache\tiles\tiles-core\2.2.1\tiles-core-2.2.1.jar;C:\Documents and Settings\daniel.finan\.m2\repository\org\apache\tiles\tiles-api\2.2.1\tiles-api-2.2.1.jar;C:\Documents and Settings\daniel.finan\.m2\repository\commons-digester\commons-digester\2.0\commons-digester-2.0.jar;C:\Documents and Settings\daniel.finan\.m2\repository\commons-beanutils\commons-beanutils\1.8.0\commons-beanutils-1.8.0.jar;C:\Documents and Settings\daniel.finan\.m2\repository\org\apache\commons\commons-io\1.3.2\commons-io-1.3.2.jar;C:\Documents and Settings\daniel.finan\.m2\repository\org\apache\tiles\tiles-jsp\2.2.1\tiles-jsp-2.2.1.jar;C:\Documents and Settings\daniel.finan\.m2\repository\org\apache\tiles\tiles-servlet\2.2.1\tiles-servlet-2.2.1.jar;C:\Documents and Settings\daniel.finan\.m2\repository\org\apache\tiles\tiles-template\2.2.1\tiles-template-2.2.1.jar;C:\Documents and Settings\daniel.finan\.m2\repository\org\springframework\spring-web\3.0.5.RELEASE\spring-web-3.0.5.RELEASE.jar;C:\Documents and Settings\daniel.finan\.m2\repository\org\springframework\spring-webmvc\3.0.5.RELEASE\spring-webmvc-3.0.5.RELEASE.jar;C:\Documents and Settings\daniel.finan\.m2\repository\commons-fileupload\commons-fileupload\1.2.1\commons-fileupload-1.2.1.jar;C:\Documents and Settings\daniel.finan\.m2\repository\javax\servlet\jstl\1.2\jstl-1.2.jar;C:\Documents and Settings\daniel.finan\.m2\repository\javax\el\el-api\1.0\el-api-1.0.jar;C:\Documents and Settings\daniel.finan\.m2\repository\joda-time\joda-time\1.6\joda-time-1.6.jar;C:\Documents and Settings\daniel.finan\.m2\repository\javax\servlet\jsp\jsp-api\2.1\jsp-api-2.1.jar;C:\Documents and Settings\daniel.finan\.m2\repository\org\springframework\security\spring-security-core\3.0.5.RELEASE\spring-security-core-3.0.5.RELEASE.jar;C:\Documents and Settings\daniel.finan\.m2\repository\org\springframework\security\spring-security-config\3.0.5.RELEASE\spring-security-config-3.0.5.RELEASE.jar;C:\Documents and Settings\daniel.finan\.m2\repository\org\springframework\security\spring-security-web\3.0.5.RELEASE\spring-security-web-3.0.5.RELEASE.jar;C:\Documents and Settings\daniel.finan\.m2\repository\org\springframework\security\spring-security-taglibs\3.0.5.RELEASE\spring-security-taglibs-3.0.5.RELEASE.jar;C:\Documents and Settings\daniel.finan\.m2\repository\org\springframework\security\spring-security-acl\3.0.5.RELEASE\spring-security-acl-3.0.5.RELEASE.jar;C:\Documents and Settings\daniel.finan\.m2\repository\org\springframework\webflow\spring-js-resources\2.2.0.RELEASE\spring-js-resources-2.2.0.RELEASE.jar;C:\Documents and Settings\daniel.finan\.m2\repository\org\cloudfoundry\cloudfoundry-runtime\0.6.0\cloudfoundry-runtime-0.6.0.jar;"/>
    <property name="java.vm.specification.version" value="1.0"/>
    <property name="sun.arch.data.model" value="32"/>
    <property name="java.home" value="C:\Program Files\Java\jdk1.6.0_23\jre"/>
    <property name="java.specification.vendor" value="Sun Microsystems Inc."/>
    <property name="user.language" value="en"/>
    <property name="awt.toolkit" value="sun.awt.windows.WToolkit"/>
    <property name="java.vm.info" value="mixed mode, sharing"/>
    <property name="java.version" value="1.6.0_23"/>
    <property name="java.ext.dirs" value="C:\Program Files\Java\jdk1.6.0_23\jre\lib\ext;C:\WINDOWS\Sun\Java\lib\ext"/>
    <property name="sun.boot.class.path" value="C:\Program Files\Java\jdk1.6.0_23\jre\lib\resources.jar;C:\Program Files\Java\jdk1.6.0_23\jre\lib\rt.jar;C:\Program Files\Java\jdk1.6.0_23\jre\lib\sunrsasign.jar;C:\Program Files\Java\jdk1.6.0_23\jre\lib\jsse.jar;C:\Program Files\Java\jdk1.6.0_23\jre\lib\jce.jar;C:\Program Files\Java\jdk1.6.0_23\jre\lib\charsets.jar;C:\Program Files\Java\jdk1.6.0_23\jre\lib\modules\jdk.boot.jar;C:\Program Files\Java\jdk1.6.0_23\jre\classes"/>
    <property name="java.vendor" value="Sun Microsystems Inc."/>
    <property name="localRepository" value="C:\Documents and Settings\daniel.finan\.m2\repository"/>
    <property name="file.separator" value="\"/>
    <property name="java.vendor.url.bug" value="http://java.sun.com/cgi-bin/bugreport.cgi"/>
    <property name="sun.cpu.endian" value="little"/>
    <property name="sun.io.unicode.encoding" value="UnicodeLittle"/>
    <property name="sun.desktop" value="windows"/>
    <property name="sun.cpu.isalist" value="pentium_pro+mmx pentium_pro pentium+mmx pentium i486 i386 i86"/>
  </properties>
  <testcase time="0.797" classname="com.accoord.domain.UserRoleIntegrationTest" name="testMarkerMethod"/>
  <testcase time="0.921" classname="com.accoord.domain.UserRoleIntegrationTest" name="testFlush">
    <error message="org.hibernate.hql.ast.QuerySyntaxException: UserRole is not mapped [select o from UserRole o]; nested exception is java.lang.IllegalArgumentException: org.hibernate.hql.ast.QuerySyntaxException: UserRole is not mapped [select o from UserRole o]" type="org.springframework.dao.InvalidDataAccessApiUsageException">org.springframework.dao.InvalidDataAccessApiUsageException: org.hibernate.hql.ast.QuerySyntaxException: UserRole is not mapped [select o from UserRole o]; nested exception is java.lang.IllegalArgumentException: org.hibernate.hql.ast.QuerySyntaxException: UserRole is not mapped [select o from UserRole o]
	at org.springframework.orm.jpa.EntityManagerFactoryUtils.convertJpaAccessExceptionIfPossible(EntityManagerFactoryUtils.java:286)
	at org.springframework.orm.jpa.aspectj.JpaExceptionTranslatorAspect.ajc$afterThrowing$org_springframework_orm_jpa_aspectj_JpaExceptionTranslatorAspect$1$18a1ac9(JpaExceptionTranslatorAspect.aj:15)
	at com.accoord.domain.UserRole_Roo_Entity.findUserRoleEntries_aroundBody8(UserRole_Roo_Entity.aj:100)
	at com.accoord.domain.UserRole_Roo_Entity.ajc$interMethod$com_accoord_domain_UserRole_Roo_Entity$com_accoord_domain_UserRole$findUserRoleEntries(UserRole_Roo_Entity.aj:1)
	at com.accoord.domain.UserRole.findUserRoleEntries(UserRole.java:1)
	at com.accoord.domain.UserRole_Roo_Entity.ajc$interMethodDispatch1$com_accoord_domain_UserRole_Roo_Entity$com_accoord_domain_UserRole$findUserRoleEntries(UserRole_Roo_Entity.aj)
	at com.accoord.domain.UserRoleDataOnDemand_Roo_DataOnDemand.ajc$interMethod$com_accoord_domain_UserRoleDataOnDemand_Roo_DataOnDemand$com_accoord_domain_UserRoleDataOnDemand$init(UserRoleDataOnDemand_Roo_DataOnDemand.aj:45)
	at com.accoord.domain.UserRoleDataOnDemand.init(UserRoleDataOnDemand.java:1)
	at com.accoord.domain.UserRoleDataOnDemand_Roo_DataOnDemand.ajc$interMethodDispatch1$com_accoord_domain_UserRoleDataOnDemand_Roo_DataOnDemand$com_accoord_domain_UserRoleDataOnDemand$init(UserRoleDataOnDemand_Roo_DataOnDemand.aj)
	at com.accoord.domain.UserRoleDataOnDemand_Roo_DataOnDemand.ajc$interMethod$com_accoord_domain_UserRoleDataOnDemand_Roo_DataOnDemand$com_accoord_domain_UserRoleDataOnDemand$getRandomUserRole(UserRoleDataOnDemand_Roo_DataOnDemand.aj:35)
	at com.accoord.domain.UserRoleDataOnDemand.getRandomUserRole(UserRoleDataOnDemand.java:1)
	at com.accoord.domain.UserRoleDataOnDemand_Roo_DataOnDemand.ajc$interMethodDispatch1$com_accoord_domain_UserRoleDataOnDemand_Roo_DataOnDemand$com_accoord_domain_UserRoleDataOnDemand$getRandomUserRole(UserRoleDataOnDemand_Roo_DataOnDemand.aj)
	at com.accoord.domain.UserRoleIntegrationTest_Roo_IntegrationTest.ajc$interMethod$com_accoord_domain_UserRoleIntegrationTest_Roo_IntegrationTest$com_accoord_domain_UserRoleIntegrationTest$testFlush(UserRoleIntegrationTest_Roo_IntegrationTest.aj:65)
	at com.accoord.domain.UserRoleIntegrationTest.testFlush(UserRoleIntegrationTest.java:1)
	at sun.reflect.NativeMethodAccessorImpl.invoke0(Native Method)
	at sun.reflect.NativeMethodAccessorImpl.invoke(NativeMethodAccessorImpl.java:39)
	at sun.reflect.DelegatingMethodAccessorImpl.invoke(DelegatingMethodAccessorImpl.java:25)
	at java.lang.reflect.Method.invoke(Method.java:597)
	at org.junit.runners.model.FrameworkMethod$1.runReflectiveCall(FrameworkMethod.java:44)
	at org.junit.internal.runners.model.ReflectiveCallable.run(ReflectiveCallable.java:15)
	at org.junit.runners.model.FrameworkMethod.invokeExplosively(FrameworkMethod.java:41)
	at org.junit.internal.runners.statements.InvokeMethod.evaluate(InvokeMethod.java:20)
	at org.springframework.test.context.junit4.statements.RunBeforeTestMethodCallbacks.evaluate(RunBeforeTestMethodCallbacks.java:74)
	at org.springframework.test.context.junit4.statements.RunAfterTestMethodCallbacks.evaluate(RunAfterTestMethodCallbacks.java:82)
	at org.springframework.test.context.junit4.statements.SpringRepeat.evaluate(SpringRepeat.java:72)
	at org.springframework.test.context.junit4.SpringJUnit4ClassRunner.runChild(SpringJUnit4ClassRunner.java:240)
	at org.junit.runners.BlockJUnit4ClassRunner.runChild(BlockJUnit4ClassRunner.java:49)
	at org.junit.runners.ParentRunner$3.run(ParentRunner.java:193)
	at org.junit.runners.ParentRunner$1.schedule(ParentRunner.java:52)
	at org.junit.runners.ParentRunner.runChildren(ParentRunner.java:191)
	at org.junit.runners.ParentRunner.access$000(ParentRunner.java:42)
	at org.junit.runners.ParentRunner$2.evaluate(ParentRunner.java:184)
	at org.springframework.test.context.junit4.statements.RunBeforeTestClassCallbacks.evaluate(RunBeforeTestClassCallbacks.java:61)
	at org.springframework.test.context.junit4.statements.RunAfterTestClassCallbacks.evaluate(RunAfterTestClassCallbacks.java:70)
	at org.junit.runners.ParentRunner.run(ParentRunner.java:236)
	at org.springframework.test.context.junit4.SpringJUnit4ClassRunner.run(SpringJUnit4ClassRunner.java:180)
	at org.apache.maven.surefire.junit4.JUnit4TestSet.execute(JUnit4TestSet.java:35)
	at org.apache.maven.surefire.junit4.JUnit4Provider.executeTestSet(JUnit4Provider.java:146)
	at org.apache.maven.surefire.junit4.JUnit4Provider.invoke(JUnit4Provider.java:97)
	at sun.reflect.NativeMethodAccessorImpl.invoke0(Native Method)
	at sun.reflect.NativeMethodAccessorImpl.invoke(NativeMethodAccessorImpl.java:39)
	at sun.reflect.DelegatingMethodAccessorImpl.invoke(DelegatingMethodAccessorImpl.java:25)
	at java.lang.reflect.Method.invoke(Method.java:597)
	at org.apache.maven.surefire.booter.ProviderFactory$ClassLoaderProxy.invoke(ProviderFactory.java:103)
	at $Proxy0.invoke(Unknown Source)
	at org.apache.maven.surefire.booter.SurefireStarter.invokeProvider(SurefireStarter.java:145)
	at org.apache.maven.surefire.booter.SurefireStarter.runSuitesInProcess(SurefireStarter.java:87)
	at org.apache.maven.surefire.booter.ForkedBooter.main(ForkedBooter.java:69)
Caused by: java.lang.IllegalArgumentException: org.hibernate.hql.ast.QuerySyntaxException: UserRole is not mapped [select o from UserRole o]
	at org.hibernate.ejb.AbstractEntityManagerImpl.convert(AbstractEntityManagerImpl.java:1201)
	at org.hibernate.ejb.AbstractEntityManagerImpl.convert(AbstractEntityManagerImpl.java:1147)
	at org.hibernate.ejb.AbstractEntityManagerImpl.createQuery(AbstractEntityManagerImpl.java:296)
	at sun.reflect.NativeMethodAccessorImpl.invoke0(Native Method)
	at sun.reflect.NativeMethodAccessorImpl.invoke(NativeMethodAccessorImpl.java:39)
	at sun.reflect.DelegatingMethodAccessorImpl.invoke(DelegatingMethodAccessorImpl.java:25)
	at java.lang.reflect.Method.invoke(Method.java:597)
	at org.springframework.orm.jpa.SharedEntityManagerCreator$SharedEntityManagerInvocationHandler.invoke(SharedEntityManagerCreator.java:240)
	at $Proxy39.createQuery(Unknown Source)
	... 46 more
Caused by: org.hibernate.hql.ast.QuerySyntaxException: UserRole is not mapped [select o from UserRole o]
	at org.hibernate.hql.ast.util.SessionFactoryHelper.requireClassPersister(SessionFactoryHelper.java:180)
	at org.hibernate.hql.ast.tree.FromElementFactory.addFromElement(FromElementFactory.java:111)
	at org.hibernate.hql.ast.tree.FromClause.addFromElement(FromClause.java:93)
	at org.hibernate.hql.ast.HqlSqlWalker.createFromElement(HqlSqlWalker.java:327)
	at org.hibernate.hql.antlr.HqlSqlBaseWalker.fromElement(HqlSqlBaseWalker.java:3441)
	at org.hibernate.hql.antlr.HqlSqlBaseWalker.fromElementList(HqlSqlBaseWalker.java:3325)
	at org.hibernate.hql.antlr.HqlSqlBaseWalker.fromClause(HqlSqlBaseWalker.java:733)
	at org.hibernate.hql.antlr.HqlSqlBaseWalker.query(HqlSqlBaseWalker.java:584)
	at org.hibernate.hql.antlr.HqlSqlBaseWalker.selectStatement(HqlSqlBaseWalker.java:301)
	at org.hibernate.hql.antlr.HqlSqlBaseWalker.statement(HqlSqlBaseWalker.java:244)
	at org.hibernate.hql.ast.QueryTranslatorImpl.analyze(QueryTranslatorImpl.java:254)
	at org.hibernate.hql.ast.QueryTranslatorImpl.doCompile(QueryTranslatorImpl.java:185)
	at org.hibernate.hql.ast.QueryTranslatorImpl.compile(QueryTranslatorImpl.java:136)
	at org.hibernate.engine.query.HQLQueryPlan.&lt;init&gt;(HQLQueryPlan.java:101)
	at org.hibernate.engine.query.HQLQueryPlan.&lt;init&gt;(HQLQueryPlan.java:80)
	at org.hibernate.engine.query.QueryPlanCache.getHQLQueryPlan(QueryPlanCache.java:124)
	at org.hibernate.impl.AbstractSessionImpl.getHQLQueryPlan(AbstractSessionImpl.java:156)
	at org.hibernate.impl.AbstractSessionImpl.createQuery(AbstractSessionImpl.java:135)
	at org.hibernate.impl.SessionImpl.createQuery(SessionImpl.java:1770)
	at org.hibernate.ejb.AbstractEntityManagerImpl.createQuery(AbstractEntityManagerImpl.java:281)
	... 52 more
</error>
  </testcase>
  <testcase time="0.626" classname="com.accoord.domain.UserRoleIntegrationTest" name="testMerge">
    <error message="org.hibernate.hql.ast.QuerySyntaxException: UserRole is not mapped [select o from UserRole o]; nested exception is java.lang.IllegalArgumentException: org.hibernate.hql.ast.QuerySyntaxException: UserRole is not mapped [select o from UserRole o]" type="org.springframework.dao.InvalidDataAccessApiUsageException">org.springframework.dao.InvalidDataAccessApiUsageException: org.hibernate.hql.ast.QuerySyntaxException: UserRole is not mapped [select o from UserRole o]; nested exception is java.lang.IllegalArgumentException: org.hibernate.hql.ast.QuerySyntaxException: UserRole is not mapped [select o from UserRole o]
	at org.springframework.orm.jpa.EntityManagerFactoryUtils.convertJpaAccessExceptionIfPossible(EntityManagerFactoryUtils.java:286)
	at org.springframework.orm.jpa.aspectj.JpaExceptionTranslatorAspect.ajc$afterThrowing$org_springframework_orm_jpa_aspectj_JpaExceptionTranslatorAspect$1$18a1ac9(JpaExceptionTranslatorAspect.aj:15)
	at com.accoord.domain.UserRole_Roo_Entity.findUserRoleEntries_aroundBody8(UserRole_Roo_Entity.aj:100)
	at com.accoord.domain.UserRole_Roo_Entity.ajc$interMethod$com_accoord_domain_UserRole_Roo_Entity$com_accoord_domain_UserRole$findUserRoleEntries(UserRole_Roo_Entity.aj:1)
	at com.accoord.domain.UserRole.findUserRoleEntries(UserRole.java:1)
	at com.accoord.domain.UserRole_Roo_Entity.ajc$interMethodDispatch1$com_accoord_domain_UserRole_Roo_Entity$com_accoord_domain_UserRole$findUserRoleEntries(UserRole_Roo_Entity.aj)
	at com.accoord.domain.UserRoleDataOnDemand_Roo_DataOnDemand.ajc$interMethod$com_accoord_domain_UserRoleDataOnDemand_Roo_DataOnDemand$com_accoord_domain_UserRoleDataOnDemand$init(UserRoleDataOnDemand_Roo_DataOnDemand.aj:45)
	at com.accoord.domain.UserRoleDataOnDemand.init(UserRoleDataOnDemand.java:1)
	at com.accoord.domain.UserRoleDataOnDemand_Roo_DataOnDemand.ajc$interMethodDispatch1$com_accoord_domain_UserRoleDataOnDemand_Roo_DataOnDemand$com_accoord_domain_UserRoleDataOnDemand$init(UserRoleDataOnDemand_Roo_DataOnDemand.aj)
	at com.accoord.domain.UserRoleDataOnDemand_Roo_DataOnDemand.ajc$interMethod$com_accoord_domain_UserRoleDataOnDemand_Roo_DataOnDemand$com_accoord_domain_UserRoleDataOnDemand$getRandomUserRole(UserRoleDataOnDemand_Roo_DataOnDemand.aj:35)
	at com.accoord.domain.UserRoleDataOnDemand.getRandomUserRole(UserRoleDataOnDemand.java:1)
	at com.accoord.domain.UserRoleDataOnDemand_Roo_DataOnDemand.ajc$interMethodDispatch1$com_accoord_domain_UserRoleDataOnDemand_Roo_DataOnDemand$com_accoord_domain_UserRoleDataOnDemand$getRandomUserRole(UserRoleDataOnDemand_Roo_DataOnDemand.aj)
	at com.accoord.domain.UserRoleIntegrationTest_Roo_IntegrationTest.ajc$interMethod$com_accoord_domain_UserRoleIntegrationTest_Roo_IntegrationTest$com_accoord_domain_UserRoleIntegrationTest$testMerge(UserRoleIntegrationTest_Roo_IntegrationTest.aj:79)
	at com.accoord.domain.UserRoleIntegrationTest.testMerge(UserRoleIntegrationTest.java:1)
	at sun.reflect.NativeMethodAccessorImpl.invoke0(Native Method)
	at sun.reflect.NativeMethodAccessorImpl.invoke(NativeMethodAccessorImpl.java:39)
	at sun.reflect.DelegatingMethodAccessorImpl.invoke(DelegatingMethodAccessorImpl.java:25)
	at java.lang.reflect.Method.invoke(Method.java:597)
	at org.junit.runners.model.FrameworkMethod$1.runReflectiveCall(FrameworkMethod.java:44)
	at org.junit.internal.runners.model.ReflectiveCallable.run(ReflectiveCallable.java:15)
	at org.junit.runners.model.FrameworkMethod.invokeExplosively(FrameworkMethod.java:41)
	at org.junit.internal.runners.statements.InvokeMethod.evaluate(InvokeMethod.java:20)
	at org.springframework.test.context.junit4.statements.RunBeforeTestMethodCallbacks.evaluate(RunBeforeTestMethodCallbacks.java:74)
	at org.springframework.test.context.junit4.statements.RunAfterTestMethodCallbacks.evaluate(RunAfterTestMethodCallbacks.java:82)
	at org.springframework.test.context.junit4.statements.SpringRepeat.evaluate(SpringRepeat.java:72)
	at org.springframework.test.context.junit4.SpringJUnit4ClassRunner.runChild(SpringJUnit4ClassRunner.java:240)
	at org.junit.runners.BlockJUnit4ClassRunner.runChild(BlockJUnit4ClassRunner.java:49)
	at org.junit.runners.ParentRunner$3.run(ParentRunner.java:193)
	at org.junit.runners.ParentRunner$1.schedule(ParentRunner.java:52)
	at org.junit.runners.ParentRunner.runChildren(ParentRunner.java:191)
	at org.junit.runners.ParentRunner.access$000(ParentRunner.java:42)
	at org.junit.runners.ParentRunner$2.evaluate(ParentRunner.java:184)
	at org.springframework.test.context.junit4.statements.RunBeforeTestClassCallbacks.evaluate(RunBeforeTestClassCallbacks.java:61)
	at org.springframework.test.context.junit4.statements.RunAfterTestClassCallbacks.evaluate(RunAfterTestClassCallbacks.java:70)
	at org.junit.runners.ParentRunner.run(ParentRunner.java:236)
	at org.springframework.test.context.junit4.SpringJUnit4ClassRunner.run(SpringJUnit4ClassRunner.java:180)
	at org.apache.maven.surefire.junit4.JUnit4TestSet.execute(JUnit4TestSet.java:35)
	at org.apache.maven.surefire.junit4.JUnit4Provider.executeTestSet(JUnit4Provider.java:146)
	at org.apache.maven.surefire.junit4.JUnit4Provider.invoke(JUnit4Provider.java:97)
	at sun.reflect.NativeMethodAccessorImpl.invoke0(Native Method)
	at sun.reflect.NativeMethodAccessorImpl.invoke(NativeMethodAccessorImpl.java:39)
	at sun.reflect.DelegatingMethodAccessorImpl.invoke(DelegatingMethodAccessorImpl.java:25)
	at java.lang.reflect.Method.invoke(Method.java:597)
	at org.apache.maven.surefire.booter.ProviderFactory$ClassLoaderProxy.invoke(ProviderFactory.java:103)
	at $Proxy0.invoke(Unknown Source)
	at org.apache.maven.surefire.booter.SurefireStarter.invokeProvider(SurefireStarter.java:145)
	at org.apache.maven.surefire.booter.SurefireStarter.runSuitesInProcess(SurefireStarter.java:87)
	at org.apache.maven.surefire.booter.ForkedBooter.main(ForkedBooter.java:69)
Caused by: java.lang.IllegalArgumentException: org.hibernate.hql.ast.QuerySyntaxException: UserRole is not mapped [select o from UserRole o]
	at org.hibernate.ejb.AbstractEntityManagerImpl.convert(AbstractEntityManagerImpl.java:1201)
	at org.hibernate.ejb.AbstractEntityManagerImpl.convert(AbstractEntityManagerImpl.java:1147)
	at org.hibernate.ejb.AbstractEntityManagerImpl.createQuery(AbstractEntityManagerImpl.java:296)
	at sun.reflect.NativeMethodAccessorImpl.invoke0(Native Method)
	at sun.reflect.NativeMethodAccessorImpl.invoke(NativeMethodAccessorImpl.java:39)
	at sun.reflect.DelegatingMethodAccessorImpl.invoke(DelegatingMethodAccessorImpl.java:25)
	at java.lang.reflect.Method.invoke(Method.java:597)
	at org.springframework.orm.jpa.SharedEntityManagerCreator$SharedEntityManagerInvocationHandler.invoke(SharedEntityManagerCreator.java:240)
	at $Proxy39.createQuery(Unknown Source)
	... 46 more
Caused by: org.hibernate.hql.ast.QuerySyntaxException: UserRole is not mapped [select o from UserRole o]
	at org.hibernate.hql.ast.util.SessionFactoryHelper.requireClassPersister(SessionFactoryHelper.java:180)
	at org.hibernate.hql.ast.tree.FromElementFactory.addFromElement(FromElementFactory.java:111)
	at org.hibernate.hql.ast.tree.FromClause.addFromElement(FromClause.java:93)
	at org.hibernate.hql.ast.HqlSqlWalker.createFromElement(HqlSqlWalker.java:327)
	at org.hibernate.hql.antlr.HqlSqlBaseWalker.fromElement(HqlSqlBaseWalker.java:3441)
	at org.hibernate.hql.antlr.HqlSqlBaseWalker.fromElementList(HqlSqlBaseWalker.java:3325)
	at org.hibernate.hql.antlr.HqlSqlBaseWalker.fromClause(HqlSqlBaseWalker.java:733)
	at org.hibernate.hql.antlr.HqlSqlBaseWalker.query(HqlSqlBaseWalker.java:584)
	at org.hibernate.hql.antlr.HqlSqlBaseWalker.selectStatement(HqlSqlBaseWalker.java:301)
	at org.hibernate.hql.antlr.HqlSqlBaseWalker.statement(HqlSqlBaseWalker.java:244)
	at org.hibernate.hql.ast.QueryTranslatorImpl.analyze(QueryTranslatorImpl.java:254)
	at org.hibernate.hql.ast.QueryTranslatorImpl.doCompile(QueryTranslatorImpl.java:185)
	at org.hibernate.hql.ast.QueryTranslatorImpl.compile(QueryTranslatorImpl.java:136)
	at org.hibernate.engine.query.HQLQueryPlan.&lt;init&gt;(HQLQueryPlan.java:101)
	at org.hibernate.engine.query.HQLQueryPlan.&lt;init&gt;(HQLQueryPlan.java:80)
	at org.hibernate.engine.query.QueryPlanCache.getHQLQueryPlan(QueryPlanCache.java:124)
	at org.hibernate.impl.AbstractSessionImpl.getHQLQueryPlan(AbstractSessionImpl.java:156)
	at org.hibernate.impl.AbstractSessionImpl.createQuery(AbstractSessionImpl.java:135)
	at org.hibernate.impl.SessionImpl.createQuery(SessionImpl.java:1770)
	at org.hibernate.ejb.AbstractEntityManagerImpl.createQuery(AbstractEntityManagerImpl.java:281)
	... 52 more
</error>
  </testcase>
  <testcase time="0.718" classname="com.accoord.domain.UserRoleIntegrationTest" name="testPersist">
    <error message="org.hibernate.hql.ast.QuerySyntaxException: UserRole is not mapped [select o from UserRole o]; nested exception is java.lang.IllegalArgumentException: org.hibernate.hql.ast.QuerySyntaxException: UserRole is not mapped [select o from UserRole o]" type="org.springframework.dao.InvalidDataAccessApiUsageException">org.springframework.dao.InvalidDataAccessApiUsageException: org.hibernate.hql.ast.QuerySyntaxException: UserRole is not mapped [select o from UserRole o]; nested exception is java.lang.IllegalArgumentException: org.hibernate.hql.ast.QuerySyntaxException: UserRole is not mapped [select o from UserRole o]
	at org.springframework.orm.jpa.EntityManagerFactoryUtils.convertJpaAccessExceptionIfPossible(EntityManagerFactoryUtils.java:286)
	at org.springframework.orm.jpa.aspectj.JpaExceptionTranslatorAspect.ajc$afterThrowing$org_springframework_orm_jpa_aspectj_JpaExceptionTranslatorAspect$1$18a1ac9(JpaExceptionTranslatorAspect.aj:15)
	at com.accoord.domain.UserRole_Roo_Entity.findUserRoleEntries_aroundBody8(UserRole_Roo_Entity.aj:100)
	at com.accoord.domain.UserRole_Roo_Entity.ajc$interMethod$com_accoord_domain_UserRole_Roo_Entity$com_accoord_domain_UserRole$findUserRoleEntries(UserRole_Roo_Entity.aj:1)
	at com.accoord.domain.UserRole.findUserRoleEntries(UserRole.java:1)
	at com.accoord.domain.UserRole_Roo_Entity.ajc$interMethodDispatch1$com_accoord_domain_UserRole_Roo_Entity$com_accoord_domain_UserRole$findUserRoleEntries(UserRole_Roo_Entity.aj)
	at com.accoord.domain.UserRoleDataOnDemand_Roo_DataOnDemand.ajc$interMethod$com_accoord_domain_UserRoleDataOnDemand_Roo_DataOnDemand$com_accoord_domain_UserRoleDataOnDemand$init(UserRoleDataOnDemand_Roo_DataOnDemand.aj:45)
	at com.accoord.domain.UserRoleDataOnDemand.init(UserRoleDataOnDemand.java:1)
	at com.accoord.domain.UserRoleDataOnDemand_Roo_DataOnDemand.ajc$interMethodDispatch1$com_accoord_domain_UserRoleDataOnDemand_Roo_DataOnDemand$com_accoord_domain_UserRoleDataOnDemand$init(UserRoleDataOnDemand_Roo_DataOnDemand.aj)
	at com.accoord.domain.UserRoleDataOnDemand_Roo_DataOnDemand.ajc$interMethod$com_accoord_domain_UserRoleDataOnDemand_Roo_DataOnDemand$com_accoord_domain_UserRoleDataOnDemand$getRandomUserRole(UserRoleDataOnDemand_Roo_DataOnDemand.aj:35)
	at com.accoord.domain.UserRoleDataOnDemand.getRandomUserRole(UserRoleDataOnDemand.java:1)
	at com.accoord.domain.UserRoleDataOnDemand_Roo_DataOnDemand.ajc$interMethodDispatch1$com_accoord_domain_UserRoleDataOnDemand_Roo_DataOnDemand$com_accoord_domain_UserRoleDataOnDemand$getRandomUserRole(UserRoleDataOnDemand_Roo_DataOnDemand.aj)
	at com.accoord.domain.UserRoleIntegrationTest_Roo_IntegrationTest.ajc$interMethod$com_accoord_domain_UserRoleIntegrationTest_Roo_IntegrationTest$com_accoord_domain_UserRoleIntegrationTest$testPersist(UserRoleIntegrationTest_Roo_IntegrationTest.aj:94)
	at com.accoord.domain.UserRoleIntegrationTest.testPersist(UserRoleIntegrationTest.java:1)
	at sun.reflect.NativeMethodAccessorImpl.invoke0(Native Method)
	at sun.reflect.NativeMethodAccessorImpl.invoke(NativeMethodAccessorImpl.java:39)
	at sun.reflect.DelegatingMethodAccessorImpl.invoke(DelegatingMethodAccessorImpl.java:25)
	at java.lang.reflect.Method.invoke(Method.java:597)
	at org.junit.runners.model.FrameworkMethod$1.runReflectiveCall(FrameworkMethod.java:44)
	at org.junit.internal.runners.model.ReflectiveCallable.run(ReflectiveCallable.java:15)
	at org.junit.runners.model.FrameworkMethod.invokeExplosively(FrameworkMethod.java:41)
	at org.junit.internal.runners.statements.InvokeMethod.evaluate(InvokeMethod.java:20)
	at org.springframework.test.context.junit4.statements.RunBeforeTestMethodCallbacks.evaluate(RunBeforeTestMethodCallbacks.java:74)
	at org.springframework.test.context.junit4.statements.RunAfterTestMethodCallbacks.evaluate(RunAfterTestMethodCallbacks.java:82)
	at org.springframework.test.context.junit4.statements.SpringRepeat.evaluate(SpringRepeat.java:72)
	at org.springframework.test.context.junit4.SpringJUnit4ClassRunner.runChild(SpringJUnit4ClassRunner.java:240)
	at org.junit.runners.BlockJUnit4ClassRunner.runChild(BlockJUnit4ClassRunner.java:49)
	at org.junit.runners.ParentRunner$3.run(ParentRunner.java:193)
	at org.junit.runners.ParentRunner$1.schedule(ParentRunner.java:52)
	at org.junit.runners.ParentRunner.runChildren(ParentRunner.java:191)
	at org.junit.runners.ParentRunner.access$000(ParentRunner.java:42)
	at org.junit.runners.ParentRunner$2.evaluate(ParentRunner.java:184)
	at org.springframework.test.context.junit4.statements.RunBeforeTestClassCallbacks.evaluate(RunBeforeTestClassCallbacks.java:61)
	at org.springframework.test.context.junit4.statements.RunAfterTestClassCallbacks.evaluate(RunAfterTestClassCallbacks.java:70)
	at org.junit.runners.ParentRunner.run(ParentRunner.java:236)
	at org.springframework.test.context.junit4.SpringJUnit4ClassRunner.run(SpringJUnit4ClassRunner.java:180)
	at org.apache.maven.surefire.junit4.JUnit4TestSet.execute(JUnit4TestSet.java:35)
	at org.apache.maven.surefire.junit4.JUnit4Provider.executeTestSet(JUnit4Provider.java:146)
	at org.apache.maven.surefire.junit4.JUnit4Provider.invoke(JUnit4Provider.java:97)
	at sun.reflect.NativeMethodAccessorImpl.invoke0(Native Method)
	at sun.reflect.NativeMethodAccessorImpl.invoke(NativeMethodAccessorImpl.java:39)
	at sun.reflect.DelegatingMethodAccessorImpl.invoke(DelegatingMethodAccessorImpl.java:25)
	at java.lang.reflect.Method.invoke(Method.java:597)
	at org.apache.maven.surefire.booter.ProviderFactory$ClassLoaderProxy.invoke(ProviderFactory.java:103)
	at $Proxy0.invoke(Unknown Source)
	at org.apache.maven.surefire.booter.SurefireStarter.invokeProvider(SurefireStarter.java:145)
	at org.apache.maven.surefire.booter.SurefireStarter.runSuitesInProcess(SurefireStarter.java:87)
	at org.apache.maven.surefire.booter.ForkedBooter.main(ForkedBooter.java:69)
Caused by: java.lang.IllegalArgumentException: org.hibernate.hql.ast.QuerySyntaxException: UserRole is not mapped [select o from UserRole o]
	at org.hibernate.ejb.AbstractEntityManagerImpl.convert(AbstractEntityManagerImpl.java:1201)
	at org.hibernate.ejb.AbstractEntityManagerImpl.convert(AbstractEntityManagerImpl.java:1147)
	at org.hibernate.ejb.AbstractEntityManagerImpl.createQuery(AbstractEntityManagerImpl.java:296)
	at sun.reflect.NativeMethodAccessorImpl.invoke0(Native Method)
	at sun.reflect.NativeMethodAccessorImpl.invoke(NativeMethodAccessorImpl.java:39)
	at sun.reflect.DelegatingMethodAccessorImpl.invoke(DelegatingMethodAccessorImpl.java:25)
	at java.lang.reflect.Method.invoke(Method.java:597)
	at org.springframework.orm.jpa.SharedEntityManagerCreator$SharedEntityManagerInvocationHandler.invoke(SharedEntityManagerCreator.java:240)
	at $Proxy39.createQuery(Unknown Source)
	... 46 more
Caused by: org.hibernate.hql.ast.QuerySyntaxException: UserRole is not mapped [select o from UserRole o]
	at org.hibernate.hql.ast.util.SessionFactoryHelper.requireClassPersister(SessionFactoryHelper.java:180)
	at org.hibernate.hql.ast.tree.FromElementFactory.addFromElement(FromElementFactory.java:111)
	at org.hibernate.hql.ast.tree.FromClause.addFromElement(FromClause.java:93)
	at org.hibernate.hql.ast.HqlSqlWalker.createFromElement(HqlSqlWalker.java:327)
	at org.hibernate.hql.antlr.HqlSqlBaseWalker.fromElement(HqlSqlBaseWalker.java:3441)
	at org.hibernate.hql.antlr.HqlSqlBaseWalker.fromElementList(HqlSqlBaseWalker.java:3325)
	at org.hibernate.hql.antlr.HqlSqlBaseWalker.fromClause(HqlSqlBaseWalker.java:733)
	at org.hibernate.hql.antlr.HqlSqlBaseWalker.query(HqlSqlBaseWalker.java:584)
	at org.hibernate.hql.antlr.HqlSqlBaseWalker.selectStatement(HqlSqlBaseWalker.java:301)
	at org.hibernate.hql.antlr.HqlSqlBaseWalker.statement(HqlSqlBaseWalker.java:244)
	at org.hibernate.hql.ast.QueryTranslatorImpl.analyze(QueryTranslatorImpl.java:254)
	at org.hibernate.hql.ast.QueryTranslatorImpl.doCompile(QueryTranslatorImpl.java:185)
	at org.hibernate.hql.ast.QueryTranslatorImpl.compile(QueryTranslatorImpl.java:136)
	at org.hibernate.engine.query.HQLQueryPlan.&lt;init&gt;(HQLQueryPlan.java:101)
	at org.hibernate.engine.query.HQLQueryPlan.&lt;init&gt;(HQLQueryPlan.java:80)
	at org.hibernate.engine.query.QueryPlanCache.getHQLQueryPlan(QueryPlanCache.java:124)
	at org.hibernate.impl.AbstractSessionImpl.getHQLQueryPlan(AbstractSessionImpl.java:156)
	at org.hibernate.impl.AbstractSessionImpl.createQuery(AbstractSessionImpl.java:135)
	at org.hibernate.impl.SessionImpl.createQuery(SessionImpl.java:1770)
	at org.hibernate.ejb.AbstractEntityManagerImpl.createQuery(AbstractEntityManagerImpl.java:281)
	... 52 more
</error>
  </testcase>
  <testcase time="0.813" classname="com.accoord.domain.UserRoleIntegrationTest" name="testRemove">
    <error message="org.hibernate.hql.ast.QuerySyntaxException: UserRole is not mapped [select o from UserRole o]; nested exception is java.lang.IllegalArgumentException: org.hibernate.hql.ast.QuerySyntaxException: UserRole is not mapped [select o from UserRole o]" type="org.springframework.dao.InvalidDataAccessApiUsageException">org.springframework.dao.InvalidDataAccessApiUsageException: org.hibernate.hql.ast.QuerySyntaxException: UserRole is not mapped [select o from UserRole o]; nested exception is java.lang.IllegalArgumentException: org.hibernate.hql.ast.QuerySyntaxException: UserRole is not mapped [select o from UserRole o]
	at org.springframework.orm.jpa.EntityManagerFactoryUtils.convertJpaAccessExceptionIfPossible(EntityManagerFactoryUtils.java:286)
	at org.springframework.orm.jpa.aspectj.JpaExceptionTranslatorAspect.ajc$afterThrowing$org_springframework_orm_jpa_aspectj_JpaExceptionTranslatorAspect$1$18a1ac9(JpaExceptionTranslatorAspect.aj:15)
	at com.accoord.domain.UserRole_Roo_Entity.findUserRoleEntries_aroundBody8(UserRole_Roo_Entity.aj:100)
	at com.accoord.domain.UserRole_Roo_Entity.ajc$interMethod$com_accoord_domain_UserRole_Roo_Entity$com_accoord_domain_UserRole$findUserRoleEntries(UserRole_Roo_Entity.aj:1)
	at com.accoord.domain.UserRole.findUserRoleEntries(UserRole.java:1)
	at com.accoord.domain.UserRole_Roo_Entity.ajc$interMethodDispatch1$com_accoord_domain_UserRole_Roo_Entity$com_accoord_domain_UserRole$findUserRoleEntries(UserRole_Roo_Entity.aj)
	at com.accoord.domain.UserRoleDataOnDemand_Roo_DataOnDemand.ajc$interMethod$com_accoord_domain_UserRoleDataOnDemand_Roo_DataOnDemand$com_accoord_domain_UserRoleDataOnDemand$init(UserRoleDataOnDemand_Roo_DataOnDemand.aj:45)
	at com.accoord.domain.UserRoleDataOnDemand.init(UserRoleDataOnDemand.java:1)
	at com.accoord.domain.UserRoleDataOnDemand_Roo_DataOnDemand.ajc$interMethodDispatch1$com_accoord_domain_UserRoleDataOnDemand_Roo_DataOnDemand$com_accoord_domain_UserRoleDataOnDemand$init(UserRoleDataOnDemand_Roo_DataOnDemand.aj)
	at com.accoord.domain.UserRoleDataOnDemand_Roo_DataOnDemand.ajc$interMethod$com_accoord_domain_UserRoleDataOnDemand_Roo_DataOnDemand$com_accoord_domain_UserRoleDataOnDemand$getRandomUserRole(UserRoleDataOnDemand_Roo_DataOnDemand.aj:35)
	at com.accoord.domain.UserRoleDataOnDemand.getRandomUserRole(UserRoleDataOnDemand.java:1)
	at com.accoord.domain.UserRoleDataOnDemand_Roo_DataOnDemand.ajc$interMethodDispatch1$com_accoord_domain_UserRoleDataOnDemand_Roo_DataOnDemand$com_accoord_domain_UserRoleDataOnDemand$getRandomUserRole(UserRoleDataOnDemand_Roo_DataOnDemand.aj)
	at com.accoord.domain.UserRoleIntegrationTest_Roo_IntegrationTest.ajc$interMethod$com_accoord_domain_UserRoleIntegrationTest_Roo_IntegrationTest$com_accoord_domain_UserRoleIntegrationTest$testRemove(UserRoleIntegrationTest_Roo_IntegrationTest.aj:105)
	at com.accoord.domain.UserRoleIntegrationTest.testRemove(UserRoleIntegrationTest.java:1)
	at sun.reflect.NativeMethodAccessorImpl.invoke0(Native Method)
	at sun.reflect.NativeMethodAccessorImpl.invoke(NativeMethodAccessorImpl.java:39)
	at sun.reflect.DelegatingMethodAccessorImpl.invoke(DelegatingMethodAccessorImpl.java:25)
	at java.lang.reflect.Method.invoke(Method.java:597)
	at org.junit.runners.model.FrameworkMethod$1.runReflectiveCall(FrameworkMethod.java:44)
	at org.junit.internal.runners.model.ReflectiveCallable.run(ReflectiveCallable.java:15)
	at org.junit.runners.model.FrameworkMethod.invokeExplosively(FrameworkMethod.java:41)
	at org.junit.internal.runners.statements.InvokeMethod.evaluate(InvokeMethod.java:20)
	at org.springframework.test.context.junit4.statements.RunBeforeTestMethodCallbacks.evaluate(RunBeforeTestMethodCallbacks.java:74)
	at org.springframework.test.context.junit4.statements.RunAfterTestMethodCallbacks.evaluate(RunAfterTestMethodCallbacks.java:82)
	at org.springframework.test.context.junit4.statements.SpringRepeat.evaluate(SpringRepeat.java:72)
	at org.springframework.test.context.junit4.SpringJUnit4ClassRunner.runChild(SpringJUnit4ClassRunner.java:240)
	at org.junit.runners.BlockJUnit4ClassRunner.runChild(BlockJUnit4ClassRunner.java:49)
	at org.junit.runners.ParentRunner$3.run(ParentRunner.java:193)
	at org.junit.runners.ParentRunner$1.schedule(ParentRunner.java:52)
	at org.junit.runners.ParentRunner.runChildren(ParentRunner.java:191)
	at org.junit.runners.ParentRunner.access$000(ParentRunner.java:42)
	at org.junit.runners.ParentRunner$2.evaluate(ParentRunner.java:184)
	at org.springframework.test.context.junit4.statements.RunBeforeTestClassCallbacks.evaluate(RunBeforeTestClassCallbacks.java:61)
	at org.springframework.test.context.junit4.statements.RunAfterTestClassCallbacks.evaluate(RunAfterTestClassCallbacks.java:70)
	at org.junit.runners.ParentRunner.run(ParentRunner.java:236)
	at org.springframework.test.context.junit4.SpringJUnit4ClassRunner.run(SpringJUnit4ClassRunner.java:180)
	at org.apache.maven.surefire.junit4.JUnit4TestSet.execute(JUnit4TestSet.java:35)
	at org.apache.maven.surefire.junit4.JUnit4Provider.executeTestSet(JUnit4Provider.java:146)
	at org.apache.maven.surefire.junit4.JUnit4Provider.invoke(JUnit4Provider.java:97)
	at sun.reflect.NativeMethodAccessorImpl.invoke0(Native Method)
	at sun.reflect.NativeMethodAccessorImpl.invoke(NativeMethodAccessorImpl.java:39)
	at sun.reflect.DelegatingMethodAccessorImpl.invoke(DelegatingMethodAccessorImpl.java:25)
	at java.lang.reflect.Method.invoke(Method.java:597)
	at org.apache.maven.surefire.booter.ProviderFactory$ClassLoaderProxy.invoke(ProviderFactory.java:103)
	at $Proxy0.invoke(Unknown Source)
	at org.apache.maven.surefire.booter.SurefireStarter.invokeProvider(SurefireStarter.java:145)
	at org.apache.maven.surefire.booter.SurefireStarter.runSuitesInProcess(SurefireStarter.java:87)
	at org.apache.maven.surefire.booter.ForkedBooter.main(ForkedBooter.java:69)
Caused by: java.lang.IllegalArgumentException: org.hibernate.hql.ast.QuerySyntaxException: UserRole is not mapped [select o from UserRole o]
	at org.hibernate.ejb.AbstractEntityManagerImpl.convert(AbstractEntityManagerImpl.java:1201)
	at org.hibernate.ejb.AbstractEntityManagerImpl.convert(AbstractEntityManagerImpl.java:1147)
	at org.hibernate.ejb.AbstractEntityManagerImpl.createQuery(AbstractEntityManagerImpl.java:296)
	at sun.reflect.NativeMethodAccessorImpl.invoke0(Native Method)
	at sun.reflect.NativeMethodAccessorImpl.invoke(NativeMethodAccessorImpl.java:39)
	at sun.reflect.DelegatingMethodAccessorImpl.invoke(DelegatingMethodAccessorImpl.java:25)
	at java.lang.reflect.Method.invoke(Method.java:597)
	at org.springframework.orm.jpa.SharedEntityManagerCreator$SharedEntityManagerInvocationHandler.invoke(SharedEntityManagerCreator.java:240)
	at $Proxy39.createQuery(Unknown Source)
	... 46 more
Caused by: org.hibernate.hql.ast.QuerySyntaxException: UserRole is not mapped [select o from UserRole o]
	at org.hibernate.hql.ast.util.SessionFactoryHelper.requireClassPersister(SessionFactoryHelper.java:180)
	at org.hibernate.hql.ast.tree.FromElementFactory.addFromElement(FromElementFactory.java:111)
	at org.hibernate.hql.ast.tree.FromClause.addFromElement(FromClause.java:93)
	at org.hibernate.hql.ast.HqlSqlWalker.createFromElement(HqlSqlWalker.java:327)
	at org.hibernate.hql.antlr.HqlSqlBaseWalker.fromElement(HqlSqlBaseWalker.java:3441)
	at org.hibernate.hql.antlr.HqlSqlBaseWalker.fromElementList(HqlSqlBaseWalker.java:3325)
	at org.hibernate.hql.antlr.HqlSqlBaseWalker.fromClause(HqlSqlBaseWalker.java:733)
	at org.hibernate.hql.antlr.HqlSqlBaseWalker.query(HqlSqlBaseWalker.java:584)
	at org.hibernate.hql.antlr.HqlSqlBaseWalker.selectStatement(HqlSqlBaseWalker.java:301)
	at org.hibernate.hql.antlr.HqlSqlBaseWalker.statement(HqlSqlBaseWalker.java:244)
	at org.hibernate.hql.ast.QueryTranslatorImpl.analyze(QueryTranslatorImpl.java:254)
	at org.hibernate.hql.ast.QueryTranslatorImpl.doCompile(QueryTranslatorImpl.java:185)
	at org.hibernate.hql.ast.QueryTranslatorImpl.compile(QueryTranslatorImpl.java:136)
	at org.hibernate.engine.query.HQLQueryPlan.&lt;init&gt;(HQLQueryPlan.java:101)
	at org.hibernate.engine.query.HQLQueryPlan.&lt;init&gt;(HQLQueryPlan.java:80)
	at org.hibernate.engine.query.QueryPlanCache.getHQLQueryPlan(QueryPlanCache.java:124)
	at org.hibernate.impl.AbstractSessionImpl.getHQLQueryPlan(AbstractSessionImpl.java:156)
	at org.hibernate.impl.AbstractSessionImpl.createQuery(AbstractSessionImpl.java:135)
	at org.hibernate.impl.SessionImpl.createQuery(SessionImpl.java:1770)
	at org.hibernate.ejb.AbstractEntityManagerImpl.createQuery(AbstractEntityManagerImpl.java:281)
	... 52 more
</error>
  </testcase>
  <testcase time="0.609" classname="com.accoord.domain.UserRoleIntegrationTest" name="testCountUserRoles">
    <error message="org.hibernate.hql.ast.QuerySyntaxException: UserRole is not mapped [select o from UserRole o]; nested exception is java.lang.IllegalArgumentException: org.hibernate.hql.ast.QuerySyntaxException: UserRole is not mapped [select o from UserRole o]" type="org.springframework.dao.InvalidDataAccessApiUsageException">org.springframework.dao.InvalidDataAccessApiUsageException: org.hibernate.hql.ast.QuerySyntaxException: UserRole is not mapped [select o from UserRole o]; nested exception is java.lang.IllegalArgumentException: org.hibernate.hql.ast.QuerySyntaxException: UserRole is not mapped [select o from UserRole o]
	at org.springframework.orm.jpa.EntityManagerFactoryUtils.convertJpaAccessExceptionIfPossible(EntityManagerFactoryUtils.java:286)
	at org.springframework.orm.jpa.aspectj.JpaExceptionTranslatorAspect.ajc$afterThrowing$org_springframework_orm_jpa_aspectj_JpaExceptionTranslatorAspect$1$18a1ac9(JpaExceptionTranslatorAspect.aj:15)
	at com.accoord.domain.UserRole_Roo_Entity.findUserRoleEntries_aroundBody8(UserRole_Roo_Entity.aj:100)
	at com.accoord.domain.UserRole_Roo_Entity.ajc$interMethod$com_accoord_domain_UserRole_Roo_Entity$com_accoord_domain_UserRole$findUserRoleEntries(UserRole_Roo_Entity.aj:1)
	at com.accoord.domain.UserRole.findUserRoleEntries(UserRole.java:1)
	at com.accoord.domain.UserRole_Roo_Entity.ajc$interMethodDispatch1$com_accoord_domain_UserRole_Roo_Entity$com_accoord_domain_UserRole$findUserRoleEntries(UserRole_Roo_Entity.aj)
	at com.accoord.domain.UserRoleDataOnDemand_Roo_DataOnDemand.ajc$interMethod$com_accoord_domain_UserRoleDataOnDemand_Roo_DataOnDemand$com_accoord_domain_UserRoleDataOnDemand$init(UserRoleDataOnDemand_Roo_DataOnDemand.aj:45)
	at com.accoord.domain.UserRoleDataOnDemand.init(UserRoleDataOnDemand.java:1)
	at com.accoord.domain.UserRoleDataOnDemand_Roo_DataOnDemand.ajc$interMethodDispatch1$com_accoord_domain_UserRoleDataOnDemand_Roo_DataOnDemand$com_accoord_domain_UserRoleDataOnDemand$init(UserRoleDataOnDemand_Roo_DataOnDemand.aj)
	at com.accoord.domain.UserRoleDataOnDemand_Roo_DataOnDemand.ajc$interMethod$com_accoord_domain_UserRoleDataOnDemand_Roo_DataOnDemand$com_accoord_domain_UserRoleDataOnDemand$getRandomUserRole(UserRoleDataOnDemand_Roo_DataOnDemand.aj:35)
	at com.accoord.domain.UserRoleDataOnDemand.getRandomUserRole(UserRoleDataOnDemand.java:1)
	at com.accoord.domain.UserRoleDataOnDemand_Roo_DataOnDemand.ajc$interMethodDispatch1$com_accoord_domain_UserRoleDataOnDemand_Roo_DataOnDemand$com_accoord_domain_UserRoleDataOnDemand$getRandomUserRole(UserRoleDataOnDemand_Roo_DataOnDemand.aj)
	at com.accoord.domain.UserRoleIntegrationTest_Roo_IntegrationTest.ajc$interMethod$com_accoord_domain_UserRoleIntegrationTest_Roo_IntegrationTest$com_accoord_domain_UserRoleIntegrationTest$testCountUserRoles(UserRoleIntegrationTest_Roo_IntegrationTest.aj:27)
	at com.accoord.domain.UserRoleIntegrationTest.testCountUserRoles(UserRoleIntegrationTest.java:1)
	at sun.reflect.NativeMethodAccessorImpl.invoke0(Native Method)
	at sun.reflect.NativeMethodAccessorImpl.invoke(NativeMethodAccessorImpl.java:39)
	at sun.reflect.DelegatingMethodAccessorImpl.invoke(DelegatingMethodAccessorImpl.java:25)
	at java.lang.reflect.Method.invoke(Method.java:597)
	at org.junit.runners.model.FrameworkMethod$1.runReflectiveCall(FrameworkMethod.java:44)
	at org.junit.internal.runners.model.ReflectiveCallable.run(ReflectiveCallable.java:15)
	at org.junit.runners.model.FrameworkMethod.invokeExplosively(FrameworkMethod.java:41)
	at org.junit.internal.runners.statements.InvokeMethod.evaluate(InvokeMethod.java:20)
	at org.springframework.test.context.junit4.statements.RunBeforeTestMethodCallbacks.evaluate(RunBeforeTestMethodCallbacks.java:74)
	at org.springframework.test.context.junit4.statements.RunAfterTestMethodCallbacks.evaluate(RunAfterTestMethodCallbacks.java:82)
	at org.springframework.test.context.junit4.statements.SpringRepeat.evaluate(SpringRepeat.java:72)
	at org.springframework.test.context.junit4.SpringJUnit4ClassRunner.runChild(SpringJUnit4ClassRunner.java:240)
	at org.junit.runners.BlockJUnit4ClassRunner.runChild(BlockJUnit4ClassRunner.java:49)
	at org.junit.runners.ParentRunner$3.run(ParentRunner.java:193)
	at org.junit.runners.ParentRunner$1.schedule(ParentRunner.java:52)
	at org.junit.runners.ParentRunner.runChildren(ParentRunner.java:191)
	at org.junit.runners.ParentRunner.access$000(ParentRunner.java:42)
	at org.junit.runners.ParentRunner$2.evaluate(ParentRunner.java:184)
	at org.springframework.test.context.junit4.statements.RunBeforeTestClassCallbacks.evaluate(RunBeforeTestClassCallbacks.java:61)
	at org.springframework.test.context.junit4.statements.RunAfterTestClassCallbacks.evaluate(RunAfterTestClassCallbacks.java:70)
	at org.junit.runners.ParentRunner.run(ParentRunner.java:236)
	at org.springframework.test.context.junit4.SpringJUnit4ClassRunner.run(SpringJUnit4ClassRunner.java:180)
	at org.apache.maven.surefire.junit4.JUnit4TestSet.execute(JUnit4TestSet.java:35)
	at org.apache.maven.surefire.junit4.JUnit4Provider.executeTestSet(JUnit4Provider.java:146)
	at org.apache.maven.surefire.junit4.JUnit4Provider.invoke(JUnit4Provider.java:97)
	at sun.reflect.NativeMethodAccessorImpl.invoke0(Native Method)
	at sun.reflect.NativeMethodAccessorImpl.invoke(NativeMethodAccessorImpl.java:39)
	at sun.reflect.DelegatingMethodAccessorImpl.invoke(DelegatingMethodAccessorImpl.java:25)
	at java.lang.reflect.Method.invoke(Method.java:597)
	at org.apache.maven.surefire.booter.ProviderFactory$ClassLoaderProxy.invoke(ProviderFactory.java:103)
	at $Proxy0.invoke(Unknown Source)
	at org.apache.maven.surefire.booter.SurefireStarter.invokeProvider(SurefireStarter.java:145)
	at org.apache.maven.surefire.booter.SurefireStarter.runSuitesInProcess(SurefireStarter.java:87)
	at org.apache.maven.surefire.booter.ForkedBooter.main(ForkedBooter.java:69)
Caused by: java.lang.IllegalArgumentException: org.hibernate.hql.ast.QuerySyntaxException: UserRole is not mapped [select o from UserRole o]
	at org.hibernate.ejb.AbstractEntityManagerImpl.convert(AbstractEntityManagerImpl.java:1201)
	at org.hibernate.ejb.AbstractEntityManagerImpl.convert(AbstractEntityManagerImpl.java:1147)
	at org.hibernate.ejb.AbstractEntityManagerImpl.createQuery(AbstractEntityManagerImpl.java:296)
	at sun.reflect.NativeMethodAccessorImpl.invoke0(Native Method)
	at sun.reflect.NativeMethodAccessorImpl.invoke(NativeMethodAccessorImpl.java:39)
	at sun.reflect.DelegatingMethodAccessorImpl.invoke(DelegatingMethodAccessorImpl.java:25)
	at java.lang.reflect.Method.invoke(Method.java:597)
	at org.springframework.orm.jpa.SharedEntityManagerCreator$SharedEntityManagerInvocationHandler.invoke(SharedEntityManagerCreator.java:240)
	at $Proxy39.createQuery(Unknown Source)
	... 46 more
Caused by: org.hibernate.hql.ast.QuerySyntaxException: UserRole is not mapped [select o from UserRole o]
	at org.hibernate.hql.ast.util.SessionFactoryHelper.requireClassPersister(SessionFactoryHelper.java:180)
	at org.hibernate.hql.ast.tree.FromElementFactory.addFromElement(FromElementFactory.java:111)
	at org.hibernate.hql.ast.tree.FromClause.addFromElement(FromClause.java:93)
	at org.hibernate.hql.ast.HqlSqlWalker.createFromElement(HqlSqlWalker.java:327)
	at org.hibernate.hql.antlr.HqlSqlBaseWalker.fromElement(HqlSqlBaseWalker.java:3441)
	at org.hibernate.hql.antlr.HqlSqlBaseWalker.fromElementList(HqlSqlBaseWalker.java:3325)
	at org.hibernate.hql.antlr.HqlSqlBaseWalker.fromClause(HqlSqlBaseWalker.java:733)
	at org.hibernate.hql.antlr.HqlSqlBaseWalker.query(HqlSqlBaseWalker.java:584)
	at org.hibernate.hql.antlr.HqlSqlBaseWalker.selectStatement(HqlSqlBaseWalker.java:301)
	at org.hibernate.hql.antlr.HqlSqlBaseWalker.statement(HqlSqlBaseWalker.java:244)
	at org.hibernate.hql.ast.QueryTranslatorImpl.analyze(QueryTranslatorImpl.java:254)
	at org.hibernate.hql.ast.QueryTranslatorImpl.doCompile(QueryTranslatorImpl.java:185)
	at org.hibernate.hql.ast.QueryTranslatorImpl.compile(QueryTranslatorImpl.java:136)
	at org.hibernate.engine.query.HQLQueryPlan.&lt;init&gt;(HQLQueryPlan.java:101)
	at org.hibernate.engine.query.HQLQueryPlan.&lt;init&gt;(HQLQueryPlan.java:80)
	at org.hibernate.engine.query.QueryPlanCache.getHQLQueryPlan(QueryPlanCache.java:124)
	at org.hibernate.impl.AbstractSessionImpl.getHQLQueryPlan(AbstractSessionImpl.java:156)
	at org.hibernate.impl.AbstractSessionImpl.createQuery(AbstractSessionImpl.java:135)
	at org.hibernate.impl.SessionImpl.createQuery(SessionImpl.java:1770)
	at org.hibernate.ejb.AbstractEntityManagerImpl.createQuery(AbstractEntityManagerImpl.java:281)
	... 52 more
</error>
  </testcase>
  <testcase time="0.828" classname="com.accoord.domain.UserRoleIntegrationTest" name="testFindUserRole">
    <error message="org.hibernate.hql.ast.QuerySyntaxException: UserRole is not mapped [select o from UserRole o]; nested exception is java.lang.IllegalArgumentException: org.hibernate.hql.ast.QuerySyntaxException: UserRole is not mapped [select o from UserRole o]" type="org.springframework.dao.InvalidDataAccessApiUsageException">org.springframework.dao.InvalidDataAccessApiUsageException: org.hibernate.hql.ast.QuerySyntaxException: UserRole is not mapped [select o from UserRole o]; nested exception is java.lang.IllegalArgumentException: org.hibernate.hql.ast.QuerySyntaxException: UserRole is not mapped [select o from UserRole o]
	at org.springframework.orm.jpa.EntityManagerFactoryUtils.convertJpaAccessExceptionIfPossible(EntityManagerFactoryUtils.java:286)
	at org.springframework.orm.jpa.aspectj.JpaExceptionTranslatorAspect.ajc$afterThrowing$org_springframework_orm_jpa_aspectj_JpaExceptionTranslatorAspect$1$18a1ac9(JpaExceptionTranslatorAspect.aj:15)
	at com.accoord.domain.UserRole_Roo_Entity.findUserRoleEntries_aroundBody8(UserRole_Roo_Entity.aj:100)
	at com.accoord.domain.UserRole_Roo_Entity.ajc$interMethod$com_accoord_domain_UserRole_Roo_Entity$com_accoord_domain_UserRole$findUserRoleEntries(UserRole_Roo_Entity.aj:1)
	at com.accoord.domain.UserRole.findUserRoleEntries(UserRole.java:1)
	at com.accoord.domain.UserRole_Roo_Entity.ajc$interMethodDispatch1$com_accoord_domain_UserRole_Roo_Entity$com_accoord_domain_UserRole$findUserRoleEntries(UserRole_Roo_Entity.aj)
	at com.accoord.domain.UserRoleDataOnDemand_Roo_DataOnDemand.ajc$interMethod$com_accoord_domain_UserRoleDataOnDemand_Roo_DataOnDemand$com_accoord_domain_UserRoleDataOnDemand$init(UserRoleDataOnDemand_Roo_DataOnDemand.aj:45)
	at com.accoord.domain.UserRoleDataOnDemand.init(UserRoleDataOnDemand.java:1)
	at com.accoord.domain.UserRoleDataOnDemand_Roo_DataOnDemand.ajc$interMethodDispatch1$com_accoord_domain_UserRoleDataOnDemand_Roo_DataOnDemand$com_accoord_domain_UserRoleDataOnDemand$init(UserRoleDataOnDemand_Roo_DataOnDemand.aj)
	at com.accoord.domain.UserRoleDataOnDemand_Roo_DataOnDemand.ajc$interMethod$com_accoord_domain_UserRoleDataOnDemand_Roo_DataOnDemand$com_accoord_domain_UserRoleDataOnDemand$getRandomUserRole(UserRoleDataOnDemand_Roo_DataOnDemand.aj:35)
	at com.accoord.domain.UserRoleDataOnDemand.getRandomUserRole(UserRoleDataOnDemand.java:1)
	at com.accoord.domain.UserRoleDataOnDemand_Roo_DataOnDemand.ajc$interMethodDispatch1$com_accoord_domain_UserRoleDataOnDemand_Roo_DataOnDemand$com_accoord_domain_UserRoleDataOnDemand$getRandomUserRole(UserRoleDataOnDemand_Roo_DataOnDemand.aj)
	at com.accoord.domain.UserRoleIntegrationTest_Roo_IntegrationTest.ajc$interMethod$com_accoord_domain_UserRoleIntegrationTest_Roo_IntegrationTest$com_accoord_domain_UserRoleIntegrationTest$testFindUserRole(UserRoleIntegrationTest_Roo_IntegrationTest.aj:34)
	at com.accoord.domain.UserRoleIntegrationTest.testFindUserRole(UserRoleIntegrationTest.java:1)
	at sun.reflect.NativeMethodAccessorImpl.invoke0(Native Method)
	at sun.reflect.NativeMethodAccessorImpl.invoke(NativeMethodAccessorImpl.java:39)
	at sun.reflect.DelegatingMethodAccessorImpl.invoke(DelegatingMethodAccessorImpl.java:25)
	at java.lang.reflect.Method.invoke(Method.java:597)
	at org.junit.runners.model.FrameworkMethod$1.runReflectiveCall(FrameworkMethod.java:44)
	at org.junit.internal.runners.model.ReflectiveCallable.run(ReflectiveCallable.java:15)
	at org.junit.runners.model.FrameworkMethod.invokeExplosively(FrameworkMethod.java:41)
	at org.junit.internal.runners.statements.InvokeMethod.evaluate(InvokeMethod.java:20)
	at org.springframework.test.context.junit4.statements.RunBeforeTestMethodCallbacks.evaluate(RunBeforeTestMethodCallbacks.java:74)
	at org.springframework.test.context.junit4.statements.RunAfterTestMethodCallbacks.evaluate(RunAfterTestMethodCallbacks.java:82)
	at org.springframework.test.context.junit4.statements.SpringRepeat.evaluate(SpringRepeat.java:72)
	at org.springframework.test.context.junit4.SpringJUnit4ClassRunner.runChild(SpringJUnit4ClassRunner.java:240)
	at org.junit.runners.BlockJUnit4ClassRunner.runChild(BlockJUnit4ClassRunner.java:49)
	at org.junit.runners.ParentRunner$3.run(ParentRunner.java:193)
	at org.junit.runners.ParentRunner$1.schedule(ParentRunner.java:52)
	at org.junit.runners.ParentRunner.runChildren(ParentRunner.java:191)
	at org.junit.runners.ParentRunner.access$000(ParentRunner.java:42)
	at org.junit.runners.ParentRunner$2.evaluate(ParentRunner.java:184)
	at org.springframework.test.context.junit4.statements.RunBeforeTestClassCallbacks.evaluate(RunBeforeTestClassCallbacks.java:61)
	at org.springframework.test.context.junit4.statements.RunAfterTestClassCallbacks.evaluate(RunAfterTestClassCallbacks.java:70)
	at org.junit.runners.ParentRunner.run(ParentRunner.java:236)
	at org.springframework.test.context.junit4.SpringJUnit4ClassRunner.run(SpringJUnit4ClassRunner.java:180)
	at org.apache.maven.surefire.junit4.JUnit4TestSet.execute(JUnit4TestSet.java:35)
	at org.apache.maven.surefire.junit4.JUnit4Provider.executeTestSet(JUnit4Provider.java:146)
	at org.apache.maven.surefire.junit4.JUnit4Provider.invoke(JUnit4Provider.java:97)
	at sun.reflect.NativeMethodAccessorImpl.invoke0(Native Method)
	at sun.reflect.NativeMethodAccessorImpl.invoke(NativeMethodAccessorImpl.java:39)
	at sun.reflect.DelegatingMethodAccessorImpl.invoke(DelegatingMethodAccessorImpl.java:25)
	at java.lang.reflect.Method.invoke(Method.java:597)
	at org.apache.maven.surefire.booter.ProviderFactory$ClassLoaderProxy.invoke(ProviderFactory.java:103)
	at $Proxy0.invoke(Unknown Source)
	at org.apache.maven.surefire.booter.SurefireStarter.invokeProvider(SurefireStarter.java:145)
	at org.apache.maven.surefire.booter.SurefireStarter.runSuitesInProcess(SurefireStarter.java:87)
	at org.apache.maven.surefire.booter.ForkedBooter.main(ForkedBooter.java:69)
Caused by: java.lang.IllegalArgumentException: org.hibernate.hql.ast.QuerySyntaxException: UserRole is not mapped [select o from UserRole o]
	at org.hibernate.ejb.AbstractEntityManagerImpl.convert(AbstractEntityManagerImpl.java:1201)
	at org.hibernate.ejb.AbstractEntityManagerImpl.convert(AbstractEntityManagerImpl.java:1147)
	at org.hibernate.ejb.AbstractEntityManagerImpl.createQuery(AbstractEntityManagerImpl.java:296)
	at sun.reflect.NativeMethodAccessorImpl.invoke0(Native Method)
	at sun.reflect.NativeMethodAccessorImpl.invoke(NativeMethodAccessorImpl.java:39)
	at sun.reflect.DelegatingMethodAccessorImpl.invoke(DelegatingMethodAccessorImpl.java:25)
	at java.lang.reflect.Method.invoke(Method.java:597)
	at org.springframework.orm.jpa.SharedEntityManagerCreator$SharedEntityManagerInvocationHandler.invoke(SharedEntityManagerCreator.java:240)
	at $Proxy39.createQuery(Unknown Source)
	... 46 more
Caused by: org.hibernate.hql.ast.QuerySyntaxException: UserRole is not mapped [select o from UserRole o]
	at org.hibernate.hql.ast.util.SessionFactoryHelper.requireClassPersister(SessionFactoryHelper.java:180)
	at org.hibernate.hql.ast.tree.FromElementFactory.addFromElement(FromElementFactory.java:111)
	at org.hibernate.hql.ast.tree.FromClause.addFromElement(FromClause.java:93)
	at org.hibernate.hql.ast.HqlSqlWalker.createFromElement(HqlSqlWalker.java:327)
	at org.hibernate.hql.antlr.HqlSqlBaseWalker.fromElement(HqlSqlBaseWalker.java:3441)
	at org.hibernate.hql.antlr.HqlSqlBaseWalker.fromElementList(HqlSqlBaseWalker.java:3325)
	at org.hibernate.hql.antlr.HqlSqlBaseWalker.fromClause(HqlSqlBaseWalker.java:733)
	at org.hibernate.hql.antlr.HqlSqlBaseWalker.query(HqlSqlBaseWalker.java:584)
	at org.hibernate.hql.antlr.HqlSqlBaseWalker.selectStatement(HqlSqlBaseWalker.java:301)
	at org.hibernate.hql.antlr.HqlSqlBaseWalker.statement(HqlSqlBaseWalker.java:244)
	at org.hibernate.hql.ast.QueryTranslatorImpl.analyze(QueryTranslatorImpl.java:254)
	at org.hibernate.hql.ast.QueryTranslatorImpl.doCompile(QueryTranslatorImpl.java:185)
	at org.hibernate.hql.ast.QueryTranslatorImpl.compile(QueryTranslatorImpl.java:136)
	at org.hibernate.engine.query.HQLQueryPlan.&lt;init&gt;(HQLQueryPlan.java:101)
	at org.hibernate.engine.query.HQLQueryPlan.&lt;init&gt;(HQLQueryPlan.java:80)
	at org.hibernate.engine.query.QueryPlanCache.getHQLQueryPlan(QueryPlanCache.java:124)
	at org.hibernate.impl.AbstractSessionImpl.getHQLQueryPlan(AbstractSessionImpl.java:156)
	at org.hibernate.impl.AbstractSessionImpl.createQuery(AbstractSessionImpl.java:135)
	at org.hibernate.impl.SessionImpl.createQuery(SessionImpl.java:1770)
	at org.hibernate.ejb.AbstractEntityManagerImpl.createQuery(AbstractEntityManagerImpl.java:281)
	... 52 more
</error>
  </testcase>
  <testcase time="0.813" classname="com.accoord.domain.UserRoleIntegrationTest" name="testFindAllUserRoles">
    <error message="org.hibernate.hql.ast.QuerySyntaxException: UserRole is not mapped [select o from UserRole o]; nested exception is java.lang.IllegalArgumentException: org.hibernate.hql.ast.QuerySyntaxException: UserRole is not mapped [select o from UserRole o]" type="org.springframework.dao.InvalidDataAccessApiUsageException">org.springframework.dao.InvalidDataAccessApiUsageException: org.hibernate.hql.ast.QuerySyntaxException: UserRole is not mapped [select o from UserRole o]; nested exception is java.lang.IllegalArgumentException: org.hibernate.hql.ast.QuerySyntaxException: UserRole is not mapped [select o from UserRole o]
	at org.springframework.orm.jpa.EntityManagerFactoryUtils.convertJpaAccessExceptionIfPossible(EntityManagerFactoryUtils.java:286)
	at org.springframework.orm.jpa.aspectj.JpaExceptionTranslatorAspect.ajc$afterThrowing$org_springframework_orm_jpa_aspectj_JpaExceptionTranslatorAspect$1$18a1ac9(JpaExceptionTranslatorAspect.aj:15)
	at com.accoord.domain.UserRole_Roo_Entity.findUserRoleEntries_aroundBody8(UserRole_Roo_Entity.aj:100)
	at com.accoord.domain.UserRole_Roo_Entity.ajc$interMethod$com_accoord_domain_UserRole_Roo_Entity$com_accoord_domain_UserRole$findUserRoleEntries(UserRole_Roo_Entity.aj:1)
	at com.accoord.domain.UserRole.findUserRoleEntries(UserRole.java:1)
	at com.accoord.domain.UserRole_Roo_Entity.ajc$interMethodDispatch1$com_accoord_domain_UserRole_Roo_Entity$com_accoord_domain_UserRole$findUserRoleEntries(UserRole_Roo_Entity.aj)
	at com.accoord.domain.UserRoleDataOnDemand_Roo_DataOnDemand.ajc$interMethod$com_accoord_domain_UserRoleDataOnDemand_Roo_DataOnDemand$com_accoord_domain_UserRoleDataOnDemand$init(UserRoleDataOnDemand_Roo_DataOnDemand.aj:45)
	at com.accoord.domain.UserRoleDataOnDemand.init(UserRoleDataOnDemand.java:1)
	at com.accoord.domain.UserRoleDataOnDemand_Roo_DataOnDemand.ajc$interMethodDispatch1$com_accoord_domain_UserRoleDataOnDemand_Roo_DataOnDemand$com_accoord_domain_UserRoleDataOnDemand$init(UserRoleDataOnDemand_Roo_DataOnDemand.aj)
	at com.accoord.domain.UserRoleDataOnDemand_Roo_DataOnDemand.ajc$interMethod$com_accoord_domain_UserRoleDataOnDemand_Roo_DataOnDemand$com_accoord_domain_UserRoleDataOnDemand$getRandomUserRole(UserRoleDataOnDemand_Roo_DataOnDemand.aj:35)
	at com.accoord.domain.UserRoleDataOnDemand.getRandomUserRole(UserRoleDataOnDemand.java:1)
	at com.accoord.domain.UserRoleDataOnDemand_Roo_DataOnDemand.ajc$interMethodDispatch1$com_accoord_domain_UserRoleDataOnDemand_Roo_DataOnDemand$com_accoord_domain_UserRoleDataOnDemand$getRandomUserRole(UserRoleDataOnDemand_Roo_DataOnDemand.aj)
	at com.accoord.domain.UserRoleIntegrationTest_Roo_IntegrationTest.ajc$interMethod$com_accoord_domain_UserRoleIntegrationTest_Roo_IntegrationTest$com_accoord_domain_UserRoleIntegrationTest$testFindAllUserRoles(UserRoleIntegrationTest_Roo_IntegrationTest.aj:45)
	at com.accoord.domain.UserRoleIntegrationTest.testFindAllUserRoles(UserRoleIntegrationTest.java:1)
	at sun.reflect.NativeMethodAccessorImpl.invoke0(Native Method)
	at sun.reflect.NativeMethodAccessorImpl.invoke(NativeMethodAccessorImpl.java:39)
	at sun.reflect.DelegatingMethodAccessorImpl.invoke(DelegatingMethodAccessorImpl.java:25)
	at java.lang.reflect.Method.invoke(Method.java:597)
	at org.junit.runners.model.FrameworkMethod$1.runReflectiveCall(FrameworkMethod.java:44)
	at org.junit.internal.runners.model.ReflectiveCallable.run(ReflectiveCallable.java:15)
	at org.junit.runners.model.FrameworkMethod.invokeExplosively(FrameworkMethod.java:41)
	at org.junit.internal.runners.statements.InvokeMethod.evaluate(InvokeMethod.java:20)
	at org.springframework.test.context.junit4.statements.RunBeforeTestMethodCallbacks.evaluate(RunBeforeTestMethodCallbacks.java:74)
	at org.springframework.test.context.junit4.statements.RunAfterTestMethodCallbacks.evaluate(RunAfterTestMethodCallbacks.java:82)
	at org.springframework.test.context.junit4.statements.SpringRepeat.evaluate(SpringRepeat.java:72)
	at org.springframework.test.context.junit4.SpringJUnit4ClassRunner.runChild(SpringJUnit4ClassRunner.java:240)
	at org.junit.runners.BlockJUnit4ClassRunner.runChild(BlockJUnit4ClassRunner.java:49)
	at org.junit.runners.ParentRunner$3.run(ParentRunner.java:193)
	at org.junit.runners.ParentRunner$1.schedule(ParentRunner.java:52)
	at org.junit.runners.ParentRunner.runChildren(ParentRunner.java:191)
	at org.junit.runners.ParentRunner.access$000(ParentRunner.java:42)
	at org.junit.runners.ParentRunner$2.evaluate(ParentRunner.java:184)
	at org.springframework.test.context.junit4.statements.RunBeforeTestClassCallbacks.evaluate(RunBeforeTestClassCallbacks.java:61)
	at org.springframework.test.context.junit4.statements.RunAfterTestClassCallbacks.evaluate(RunAfterTestClassCallbacks.java:70)
	at org.junit.runners.ParentRunner.run(ParentRunner.java:236)
	at org.springframework.test.context.junit4.SpringJUnit4ClassRunner.run(SpringJUnit4ClassRunner.java:180)
	at org.apache.maven.surefire.junit4.JUnit4TestSet.execute(JUnit4TestSet.java:35)
	at org.apache.maven.surefire.junit4.JUnit4Provider.executeTestSet(JUnit4Provider.java:146)
	at org.apache.maven.surefire.junit4.JUnit4Provider.invoke(JUnit4Provider.java:97)
	at sun.reflect.NativeMethodAccessorImpl.invoke0(Native Method)
	at sun.reflect.NativeMethodAccessorImpl.invoke(NativeMethodAccessorImpl.java:39)
	at sun.reflect.DelegatingMethodAccessorImpl.invoke(DelegatingMethodAccessorImpl.java:25)
	at java.lang.reflect.Method.invoke(Method.java:597)
	at org.apache.maven.surefire.booter.ProviderFactory$ClassLoaderProxy.invoke(ProviderFactory.java:103)
	at $Proxy0.invoke(Unknown Source)
	at org.apache.maven.surefire.booter.SurefireStarter.invokeProvider(SurefireStarter.java:145)
	at org.apache.maven.surefire.booter.SurefireStarter.runSuitesInProcess(SurefireStarter.java:87)
	at org.apache.maven.surefire.booter.ForkedBooter.main(ForkedBooter.java:69)
Caused by: java.lang.IllegalArgumentException: org.hibernate.hql.ast.QuerySyntaxException: UserRole is not mapped [select o from UserRole o]
	at org.hibernate.ejb.AbstractEntityManagerImpl.convert(AbstractEntityManagerImpl.java:1201)
	at org.hibernate.ejb.AbstractEntityManagerImpl.convert(AbstractEntityManagerImpl.java:1147)
	at org.hibernate.ejb.AbstractEntityManagerImpl.createQuery(AbstractEntityManagerImpl.java:296)
	at sun.reflect.NativeMethodAccessorImpl.invoke0(Native Method)
	at sun.reflect.NativeMethodAccessorImpl.invoke(NativeMethodAccessorImpl.java:39)
	at sun.reflect.DelegatingMethodAccessorImpl.invoke(DelegatingMethodAccessorImpl.java:25)
	at java.lang.reflect.Method.invoke(Method.java:597)
	at org.springframework.orm.jpa.SharedEntityManagerCreator$SharedEntityManagerInvocationHandler.invoke(SharedEntityManagerCreator.java:240)
	at $Proxy39.createQuery(Unknown Source)
	... 46 more
Caused by: org.hibernate.hql.ast.QuerySyntaxException: UserRole is not mapped [select o from UserRole o]
	at org.hibernate.hql.ast.util.SessionFactoryHelper.requireClassPersister(SessionFactoryHelper.java:180)
	at org.hibernate.hql.ast.tree.FromElementFactory.addFromElement(FromElementFactory.java:111)
	at org.hibernate.hql.ast.tree.FromClause.addFromElement(FromClause.java:93)
	at org.hibernate.hql.ast.HqlSqlWalker.createFromElement(HqlSqlWalker.java:327)
	at org.hibernate.hql.antlr.HqlSqlBaseWalker.fromElement(HqlSqlBaseWalker.java:3441)
	at org.hibernate.hql.antlr.HqlSqlBaseWalker.fromElementList(HqlSqlBaseWalker.java:3325)
	at org.hibernate.hql.antlr.HqlSqlBaseWalker.fromClause(HqlSqlBaseWalker.java:733)
	at org.hibernate.hql.antlr.HqlSqlBaseWalker.query(HqlSqlBaseWalker.java:584)
	at org.hibernate.hql.antlr.HqlSqlBaseWalker.selectStatement(HqlSqlBaseWalker.java:301)
	at org.hibernate.hql.antlr.HqlSqlBaseWalker.statement(HqlSqlBaseWalker.java:244)
	at org.hibernate.hql.ast.QueryTranslatorImpl.analyze(QueryTranslatorImpl.java:254)
	at org.hibernate.hql.ast.QueryTranslatorImpl.doCompile(QueryTranslatorImpl.java:185)
	at org.hibernate.hql.ast.QueryTranslatorImpl.compile(QueryTranslatorImpl.java:136)
	at org.hibernate.engine.query.HQLQueryPlan.&lt;init&gt;(HQLQueryPlan.java:101)
	at org.hibernate.engine.query.HQLQueryPlan.&lt;init&gt;(HQLQueryPlan.java:80)
	at org.hibernate.engine.query.QueryPlanCache.getHQLQueryPlan(QueryPlanCache.java:124)
	at org.hibernate.impl.AbstractSessionImpl.getHQLQueryPlan(AbstractSessionImpl.java:156)
	at org.hibernate.impl.AbstractSessionImpl.createQuery(AbstractSessionImpl.java:135)
	at org.hibernate.impl.SessionImpl.createQuery(SessionImpl.java:1770)
	at org.hibernate.ejb.AbstractEntityManagerImpl.createQuery(AbstractEntityManagerImpl.java:281)
	... 52 more
</error>
  </testcase>
  <testcase time="1.125" classname="com.accoord.domain.UserRoleIntegrationTest" name="testFindUserRoleEntries">
    <error message="org.hibernate.hql.ast.QuerySyntaxException: UserRole is not mapped [select o from UserRole o]; nested exception is java.lang.IllegalArgumentException: org.hibernate.hql.ast.QuerySyntaxException: UserRole is not mapped [select o from UserRole o]" type="org.springframework.dao.InvalidDataAccessApiUsageException">org.springframework.dao.InvalidDataAccessApiUsageException: org.hibernate.hql.ast.QuerySyntaxException: UserRole is not mapped [select o from UserRole o]; nested exception is java.lang.IllegalArgumentException: org.hibernate.hql.ast.QuerySyntaxException: UserRole is not mapped [select o from UserRole o]
	at org.springframework.orm.jpa.EntityManagerFactoryUtils.convertJpaAccessExceptionIfPossible(EntityManagerFactoryUtils.java:286)
	at org.springframework.orm.jpa.aspectj.JpaExceptionTranslatorAspect.ajc$afterThrowing$org_springframework_orm_jpa_aspectj_JpaExceptionTranslatorAspect$1$18a1ac9(JpaExceptionTranslatorAspect.aj:15)
	at com.accoord.domain.UserRole_Roo_Entity.findUserRoleEntries_aroundBody8(UserRole_Roo_Entity.aj:100)
	at com.accoord.domain.UserRole_Roo_Entity.ajc$interMethod$com_accoord_domain_UserRole_Roo_Entity$com_accoord_domain_UserRole$findUserRoleEntries(UserRole_Roo_Entity.aj:1)
	at com.accoord.domain.UserRole.findUserRoleEntries(UserRole.java:1)
	at com.accoord.domain.UserRole_Roo_Entity.ajc$interMethodDispatch1$com_accoord_domain_UserRole_Roo_Entity$com_accoord_domain_UserRole$findUserRoleEntries(UserRole_Roo_Entity.aj)
	at com.accoord.domain.UserRoleDataOnDemand_Roo_DataOnDemand.ajc$interMethod$com_accoord_domain_UserRoleDataOnDemand_Roo_DataOnDemand$com_accoord_domain_UserRoleDataOnDemand$init(UserRoleDataOnDemand_Roo_DataOnDemand.aj:45)
	at com.accoord.domain.UserRoleDataOnDemand.init(UserRoleDataOnDemand.java:1)
	at com.accoord.domain.UserRoleDataOnDemand_Roo_DataOnDemand.ajc$interMethodDispatch1$com_accoord_domain_UserRoleDataOnDemand_Roo_DataOnDemand$com_accoord_domain_UserRoleDataOnDemand$init(UserRoleDataOnDemand_Roo_DataOnDemand.aj)
	at com.accoord.domain.UserRoleDataOnDemand_Roo_DataOnDemand.ajc$interMethod$com_accoord_domain_UserRoleDataOnDemand_Roo_DataOnDemand$com_accoord_domain_UserRoleDataOnDemand$getRandomUserRole(UserRoleDataOnDemand_Roo_DataOnDemand.aj:35)
	at com.accoord.domain.UserRoleDataOnDemand.getRandomUserRole(UserRoleDataOnDemand.java:1)
	at com.accoord.domain.UserRoleDataOnDemand_Roo_DataOnDemand.ajc$interMethodDispatch1$com_accoord_domain_UserRoleDataOnDemand_Roo_DataOnDemand$com_accoord_domain_UserRoleDataOnDemand$getRandomUserRole(UserRoleDataOnDemand_Roo_DataOnDemand.aj)
	at com.accoord.domain.UserRoleIntegrationTest_Roo_IntegrationTest.ajc$interMethod$com_accoord_domain_UserRoleIntegrationTest_Roo_IntegrationTest$com_accoord_domain_UserRoleIntegrationTest$testFindUserRoleEntries(UserRoleIntegrationTest_Roo_IntegrationTest.aj:55)
	at com.accoord.domain.UserRoleIntegrationTest.testFindUserRoleEntries(UserRoleIntegrationTest.java:1)
	at sun.reflect.NativeMethodAccessorImpl.invoke0(Native Method)
	at sun.reflect.NativeMethodAccessorImpl.invoke(NativeMethodAccessorImpl.java:39)
	at sun.reflect.DelegatingMethodAccessorImpl.invoke(DelegatingMethodAccessorImpl.java:25)
	at java.lang.reflect.Method.invoke(Method.java:597)
	at org.junit.runners.model.FrameworkMethod$1.runReflectiveCall(FrameworkMethod.java:44)
	at org.junit.internal.runners.model.ReflectiveCallable.run(ReflectiveCallable.java:15)
	at org.junit.runners.model.FrameworkMethod.invokeExplosively(FrameworkMethod.java:41)
	at org.junit.internal.runners.statements.InvokeMethod.evaluate(InvokeMethod.java:20)
	at org.springframework.test.context.junit4.statements.RunBeforeTestMethodCallbacks.evaluate(RunBeforeTestMethodCallbacks.java:74)
	at org.springframework.test.context.junit4.statements.RunAfterTestMethodCallbacks.evaluate(RunAfterTestMethodCallbacks.java:82)
	at org.springframework.test.context.junit4.statements.SpringRepeat.evaluate(SpringRepeat.java:72)
	at org.springframework.test.context.junit4.SpringJUnit4ClassRunner.runChild(SpringJUnit4ClassRunner.java:240)
	at org.junit.runners.BlockJUnit4ClassRunner.runChild(BlockJUnit4ClassRunner.java:49)
	at org.junit.runners.ParentRunner$3.run(ParentRunner.java:193)
	at org.junit.runners.ParentRunner$1.schedule(ParentRunner.java:52)
	at org.junit.runners.ParentRunner.runChildren(ParentRunner.java:191)
	at org.junit.runners.ParentRunner.access$000(ParentRunner.java:42)
	at org.junit.runners.ParentRunner$2.evaluate(ParentRunner.java:184)
	at org.springframework.test.context.junit4.statements.RunBeforeTestClassCallbacks.evaluate(RunBeforeTestClassCallbacks.java:61)
	at org.springframework.test.context.junit4.statements.RunAfterTestClassCallbacks.evaluate(RunAfterTestClassCallbacks.java:70)
	at org.junit.runners.ParentRunner.run(ParentRunner.java:236)
	at org.springframework.test.context.junit4.SpringJUnit4ClassRunner.run(SpringJUnit4ClassRunner.java:180)
	at org.apache.maven.surefire.junit4.JUnit4TestSet.execute(JUnit4TestSet.java:35)
	at org.apache.maven.surefire.junit4.JUnit4Provider.executeTestSet(JUnit4Provider.java:146)
	at org.apache.maven.surefire.junit4.JUnit4Provider.invoke(JUnit4Provider.java:97)
	at sun.reflect.NativeMethodAccessorImpl.invoke0(Native Method)
	at sun.reflect.NativeMethodAccessorImpl.invoke(NativeMethodAccessorImpl.java:39)
	at sun.reflect.DelegatingMethodAccessorImpl.invoke(DelegatingMethodAccessorImpl.java:25)
	at java.lang.reflect.Method.invoke(Method.java:597)
	at org.apache.maven.surefire.booter.ProviderFactory$ClassLoaderProxy.invoke(ProviderFactory.java:103)
	at $Proxy0.invoke(Unknown Source)
	at org.apache.maven.surefire.booter.SurefireStarter.invokeProvider(SurefireStarter.java:145)
	at org.apache.maven.surefire.booter.SurefireStarter.runSuitesInProcess(SurefireStarter.java:87)
	at org.apache.maven.surefire.booter.ForkedBooter.main(ForkedBooter.java:69)
Caused by: java.lang.IllegalArgumentException: org.hibernate.hql.ast.QuerySyntaxException: UserRole is not mapped [select o from UserRole o]
	at org.hibernate.ejb.AbstractEntityManagerImpl.convert(AbstractEntityManagerImpl.java:1201)
	at org.hibernate.ejb.AbstractEntityManagerImpl.convert(AbstractEntityManagerImpl.java:1147)
	at org.hibernate.ejb.AbstractEntityManagerImpl.createQuery(AbstractEntityManagerImpl.java:296)
	at sun.reflect.NativeMethodAccessorImpl.invoke0(Native Method)
	at sun.reflect.NativeMethodAccessorImpl.invoke(NativeMethodAccessorImpl.java:39)
	at sun.reflect.DelegatingMethodAccessorImpl.invoke(DelegatingMethodAccessorImpl.java:25)
	at java.lang.reflect.Method.invoke(Method.java:597)
	at org.springframework.orm.jpa.SharedEntityManagerCreator$SharedEntityManagerInvocationHandler.invoke(SharedEntityManagerCreator.java:240)
	at $Proxy39.createQuery(Unknown Source)
	... 46 more
Caused by: org.hibernate.hql.ast.QuerySyntaxException: UserRole is not mapped [select o from UserRole o]
	at org.hibernate.hql.ast.util.SessionFactoryHelper.requireClassPersister(SessionFactoryHelper.java:180)
	at org.hibernate.hql.ast.tree.FromElementFactory.addFromElement(FromElementFactory.java:111)
	at org.hibernate.hql.ast.tree.FromClause.addFromElement(FromClause.java:93)
	at org.hibernate.hql.ast.HqlSqlWalker.createFromElement(HqlSqlWalker.java:327)
	at org.hibernate.hql.antlr.HqlSqlBaseWalker.fromElement(HqlSqlBaseWalker.java:3441)
	at org.hibernate.hql.antlr.HqlSqlBaseWalker.fromElementList(HqlSqlBaseWalker.java:3325)
	at org.hibernate.hql.antlr.HqlSqlBaseWalker.fromClause(HqlSqlBaseWalker.java:733)
	at org.hibernate.hql.antlr.HqlSqlBaseWalker.query(HqlSqlBaseWalker.java:584)
	at org.hibernate.hql.antlr.HqlSqlBaseWalker.selectStatement(HqlSqlBaseWalker.java:301)
	at org.hibernate.hql.antlr.HqlSqlBaseWalker.statement(HqlSqlBaseWalker.java:244)
	at org.hibernate.hql.ast.QueryTranslatorImpl.analyze(QueryTranslatorImpl.java:254)
	at org.hibernate.hql.ast.QueryTranslatorImpl.doCompile(QueryTranslatorImpl.java:185)
	at org.hibernate.hql.ast.QueryTranslatorImpl.compile(QueryTranslatorImpl.java:136)
	at org.hibernate.engine.query.HQLQueryPlan.&lt;init&gt;(HQLQueryPlan.java:101)
	at org.hibernate.engine.query.HQLQueryPlan.&lt;init&gt;(HQLQueryPlan.java:80)
	at org.hibernate.engine.query.QueryPlanCache.getHQLQueryPlan(QueryPlanCache.java:124)
	at org.hibernate.impl.AbstractSessionImpl.getHQLQueryPlan(AbstractSessionImpl.java:156)
	at org.hibernate.impl.AbstractSessionImpl.createQuery(AbstractSessionImpl.java:135)
	at org.hibernate.impl.SessionImpl.createQuery(SessionImpl.java:1770)
	at org.hibernate.ejb.AbstractEntityManagerImpl.createQuery(AbstractEntityManagerImpl.java:281)
	... 52 more
</error>
  </testcase>
</testsuite>